[2024-12-12 10:45:45Z INFO HostContext] No proxy settings were found based on environmental variables (http_proxy/https_proxy/HTTP_PROXY/HTTPS_PROXY)
[2024-12-12 10:45:45Z INFO HostContext] Well known directory 'Bin': 'C:\Users\pyata\Desktop\Lab3sem\Git\rep\actions-runner\bin'
[2024-12-12 10:45:45Z INFO HostContext] Well known directory 'Root': 'C:\Users\pyata\Desktop\Lab3sem\Git\rep\actions-runner'
[2024-12-12 10:45:45Z INFO HostContext] Well known config file 'Credentials': 'C:\Users\pyata\Desktop\Lab3sem\Git\rep\actions-runner\.credentials'
[2024-12-12 10:45:45Z INFO HostContext] Well known directory 'Bin': 'C:\Users\pyata\Desktop\Lab3sem\Git\rep\actions-runner\bin'
[2024-12-12 10:45:45Z INFO HostContext] Well known directory 'Root': 'C:\Users\pyata\Desktop\Lab3sem\Git\rep\actions-runner'
[2024-12-12 10:45:45Z INFO HostContext] Well known config file 'Runner': 'C:\Users\pyata\Desktop\Lab3sem\Git\rep\actions-runner\.runner'
[2024-12-12 10:45:45Z INFO Listener] Runner is built for Windows (X64) - win-x64.
[2024-12-12 10:45:45Z INFO Listener] RuntimeInformation: Microsoft Windows 10.0.26100.
[2024-12-12 10:45:45Z INFO Listener] Version: 2.321.0
[2024-12-12 10:45:45Z INFO Listener] Commit: e249007931b7c8e857797fa259c167f0bd4f997a
[2024-12-12 10:45:45Z INFO Listener] Culture: ru-RU
[2024-12-12 10:45:45Z INFO Listener] UI Culture: ru-RU
[2024-12-12 10:45:45Z INFO HostContext] Well known directory 'Bin': 'C:\Users\pyata\Desktop\Lab3sem\Git\rep\actions-runner\bin'
[2024-12-12 10:45:45Z INFO HostContext] Well known directory 'Root': 'C:\Users\pyata\Desktop\Lab3sem\Git\rep\actions-runner'
[2024-12-12 10:45:45Z INFO Listener] Validating directory permissions for: 'C:\Users\pyata\Desktop\Lab3sem\Git\rep\actions-runner'
[2024-12-12 10:45:45Z INFO CommandLineParser] Parse
[2024-12-12 10:45:45Z INFO CommandLineParser] Parsing 1 args
[2024-12-12 10:45:45Z INFO CommandLineParser] parsing argument
[2024-12-12 10:45:45Z INFO CommandLineParser] HasArgs: False
[2024-12-12 10:45:45Z INFO CommandLineParser] Adding Command: remove
[2024-12-12 10:45:45Z INFO Listener] Arguments parsed
[2024-12-12 10:45:45Z INFO Runner] ExecuteCommand
[2024-12-12 10:45:45Z INFO ConfigurationStore] currentAssemblyLocation: C:\Users\pyata\Desktop\Lab3sem\Git\rep\actions-runner\bin\Runner.Listener.dll
[2024-12-12 10:45:45Z INFO HostContext] Well known directory 'Bin': 'C:\Users\pyata\Desktop\Lab3sem\Git\rep\actions-runner\bin'
[2024-12-12 10:45:45Z INFO ConfigurationStore] binPath: C:\Users\pyata\Desktop\Lab3sem\Git\rep\actions-runner\bin
[2024-12-12 10:45:45Z INFO HostContext] Well known directory 'Bin': 'C:\Users\pyata\Desktop\Lab3sem\Git\rep\actions-runner\bin'
[2024-12-12 10:45:45Z INFO HostContext] Well known directory 'Root': 'C:\Users\pyata\Desktop\Lab3sem\Git\rep\actions-runner'
[2024-12-12 10:45:45Z INFO ConfigurationStore] RootFolder: C:\Users\pyata\Desktop\Lab3sem\Git\rep\actions-runner
[2024-12-12 10:45:45Z INFO HostContext] Well known directory 'Bin': 'C:\Users\pyata\Desktop\Lab3sem\Git\rep\actions-runner\bin'
[2024-12-12 10:45:45Z INFO HostContext] Well known directory 'Root': 'C:\Users\pyata\Desktop\Lab3sem\Git\rep\actions-runner'
[2024-12-12 10:45:45Z INFO HostContext] Well known config file 'Runner': 'C:\Users\pyata\Desktop\Lab3sem\Git\rep\actions-runner\.runner'
[2024-12-12 10:45:45Z INFO ConfigurationStore] ConfigFilePath: C:\Users\pyata\Desktop\Lab3sem\Git\rep\actions-runner\.runner
[2024-12-12 10:45:45Z INFO HostContext] Well known directory 'Bin': 'C:\Users\pyata\Desktop\Lab3sem\Git\rep\actions-runner\bin'
[2024-12-12 10:45:45Z INFO HostContext] Well known directory 'Root': 'C:\Users\pyata\Desktop\Lab3sem\Git\rep\actions-runner'
[2024-12-12 10:45:45Z INFO HostContext] Well known config file 'Credentials': 'C:\Users\pyata\Desktop\Lab3sem\Git\rep\actions-runner\.credentials'
[2024-12-12 10:45:45Z INFO ConfigurationStore] CredFilePath: C:\Users\pyata\Desktop\Lab3sem\Git\rep\actions-runner\.credentials
[2024-12-12 10:45:45Z INFO HostContext] Well known directory 'Bin': 'C:\Users\pyata\Desktop\Lab3sem\Git\rep\actions-runner\bin'
[2024-12-12 10:45:45Z INFO HostContext] Well known directory 'Root': 'C:\Users\pyata\Desktop\Lab3sem\Git\rep\actions-runner'
[2024-12-12 10:45:45Z INFO HostContext] Well known config file 'MigratedCredentials': 'C:\Users\pyata\Desktop\Lab3sem\Git\rep\actions-runner\.credentials_migrated'
[2024-12-12 10:45:45Z INFO ConfigurationStore] MigratedCredFilePath: C:\Users\pyata\Desktop\Lab3sem\Git\rep\actions-runner\.credentials_migrated
[2024-12-12 10:45:45Z INFO HostContext] Well known directory 'Bin': 'C:\Users\pyata\Desktop\Lab3sem\Git\rep\actions-runner\bin'
[2024-12-12 10:45:45Z INFO HostContext] Well known directory 'Root': 'C:\Users\pyata\Desktop\Lab3sem\Git\rep\actions-runner'
[2024-12-12 10:45:45Z INFO HostContext] Well known config file 'Service': 'C:\Users\pyata\Desktop\Lab3sem\Git\rep\actions-runner\.service'
[2024-12-12 10:45:45Z INFO ConfigurationStore] ServiceConfigFilePath: C:\Users\pyata\Desktop\Lab3sem\Git\rep\actions-runner\.service
[2024-12-12 10:45:45Z INFO CommandSettings] Flag 'help': 'False'
[2024-12-12 10:45:45Z INFO CommandSettings] Flag 'version': 'False'
[2024-12-12 10:45:45Z INFO CommandSettings] Flag 'commit': 'False'
[2024-12-12 10:45:45Z INFO CommandSettings] Flag 'check': 'False'
[2024-12-12 10:45:45Z INFO CommandSettings] Command 'configure': 'False'
[2024-12-12 10:45:45Z INFO CommandSettings] Command 'remove': 'True'
[2024-12-12 10:45:45Z INFO CommandSettings] Flag 'local': 'False'
[2024-12-12 10:45:45Z INFO ConfigurationStore] IsServiceConfigured()
[2024-12-12 10:45:45Z INFO ConfigurationStore] IsServiceConfigured: False
[2024-12-12 10:45:45Z INFO ConfigurationStore] IsConfigured()
[2024-12-12 10:45:45Z INFO ConfigurationStore] IsConfigured: True
[2024-12-12 10:45:45Z INFO ConfigurationStore] HasCredentials()
[2024-12-12 10:45:45Z INFO ConfigurationStore] stored True
[2024-12-12 10:45:45Z INFO ConfigurationStore] Read setting file: 303 chars
[2024-12-12 10:45:45Z INFO CommandSettings] Arg 'token': ''
[2024-12-12 10:45:45Z INFO CommandSettings] Flag 'unattended': 'False'
[2024-12-12 10:45:45Z INFO PromptManager] ReadValue
[2024-12-12 10:45:45Z INFO Terminal] WRITE: Enter runner remove token: 
[2024-12-12 10:45:45Z INFO Terminal] READ SECRET
[2024-12-12 10:46:05Z INFO Terminal] Read value: '***'
[2024-12-12 10:46:07Z INFO ConfigurationManager] Http response code: OK from 'POST https://api.github.com/actions/runner-registration' (B998:5FE19:1E16171:1F2A003:675ABEED)
[2024-12-12 10:46:07Z INFO ConfigurationManager] cred retrieved via GitHub auth
[2024-12-12 10:46:07Z INFO RunnerServer] EstablishVssConnection
[2024-12-12 10:46:07Z INFO RunnerServer] Establish connection with 100 seconds timeout.
[2024-12-12 10:46:07Z INFO GitHubActionsService] Starting operation Location.GetConnectionData
[2024-12-12 10:46:07Z INFO RunnerServer] EstablishVssConnection
[2024-12-12 10:46:07Z INFO RunnerServer] Establish connection with 60 seconds timeout.
[2024-12-12 10:46:07Z INFO GitHubActionsService] Starting operation Location.GetConnectionData
[2024-12-12 10:46:07Z INFO RunnerServer] EstablishVssConnection
[2024-12-12 10:46:07Z INFO RunnerServer] Establish connection with 60 seconds timeout.
[2024-12-12 10:46:07Z INFO GitHubActionsService] Starting operation Location.GetConnectionData
[2024-12-12 10:46:08Z INFO GitHubActionsService] Finished operation Location.GetConnectionData
[2024-12-12 10:46:08Z INFO GitHubActionsService] Finished operation Location.GetConnectionData
[2024-12-12 10:46:08Z INFO GitHubActionsService] Finished operation Location.GetConnectionData
[2024-12-12 10:46:08Z INFO Terminal] WRITE LINE: 
[2024-12-12 10:46:08Z INFO ConfigurationStore] IsConfigured()
[2024-12-12 10:46:08Z INFO ConfigurationStore] IsConfigured: True
[2024-12-12 10:46:08Z INFO ConfigurationStore] HasCredentials()
[2024-12-12 10:46:08Z INFO ConfigurationStore] stored True
[2024-12-12 10:46:08Z INFO HostContext] Well known directory 'Bin': 'C:\Users\pyata\Desktop\Lab3sem\Git\rep\actions-runner\bin'
[2024-12-12 10:46:08Z INFO HostContext] Well known directory 'Root': 'C:\Users\pyata\Desktop\Lab3sem\Git\rep\actions-runner'
[2024-12-12 10:46:08Z INFO HostContext] Well known config file 'RSACredentials': 'C:\Users\pyata\Desktop\Lab3sem\Git\rep\actions-runner\.credentials_rsaparams'
[2024-12-12 10:46:08Z INFO RSAEncryptedFileKeyManager] Deleting RSA key parameters file C:\Users\pyata\Desktop\Lab3sem\Git\rep\actions-runner\.credentials_rsaparams
[2024-12-12 10:46:08Z INFO Terminal] WRITE LINE: 
[2024-12-12 10:46:08Z INFO Listener] Runner execution has finished with return code 0
