[2024-12-12 09:56:00Z INFO HostContext] No proxy settings were found based on environmental variables (http_proxy/https_proxy/HTTP_PROXY/HTTPS_PROXY)
[2024-12-12 09:56:00Z INFO HostContext] Well known directory 'Bin': 'C:\Users\pyata\Desktop\Лабы 3 сем\Git\rep\actions-runner\bin'
[2024-12-12 09:56:00Z INFO HostContext] Well known directory 'Root': 'C:\Users\pyata\Desktop\Лабы 3 сем\Git\rep\actions-runner'
[2024-12-12 09:56:00Z INFO HostContext] Well known config file 'Credentials': 'C:\Users\pyata\Desktop\Лабы 3 сем\Git\rep\actions-runner\.credentials'
[2024-12-12 09:56:00Z INFO HostContext] Well known directory 'Bin': 'C:\Users\pyata\Desktop\Лабы 3 сем\Git\rep\actions-runner\bin'
[2024-12-12 09:56:00Z INFO HostContext] Well known directory 'Root': 'C:\Users\pyata\Desktop\Лабы 3 сем\Git\rep\actions-runner'
[2024-12-12 09:56:00Z INFO HostContext] Well known config file 'Runner': 'C:\Users\pyata\Desktop\Лабы 3 сем\Git\rep\actions-runner\.runner'
[2024-12-12 09:56:00Z INFO Listener] Runner is built for Windows (X64) - win-x64.
[2024-12-12 09:56:00Z INFO Listener] RuntimeInformation: Microsoft Windows 10.0.26100.
[2024-12-12 09:56:00Z INFO Listener] Version: 2.321.0
[2024-12-12 09:56:00Z INFO Listener] Commit: e249007931b7c8e857797fa259c167f0bd4f997a
[2024-12-12 09:56:00Z INFO Listener] Culture: ru-RU
[2024-12-12 09:56:00Z INFO Listener] UI Culture: ru-RU
[2024-12-12 09:56:00Z INFO HostContext] Well known directory 'Bin': 'C:\Users\pyata\Desktop\Лабы 3 сем\Git\rep\actions-runner\bin'
[2024-12-12 09:56:00Z INFO HostContext] Well known directory 'Root': 'C:\Users\pyata\Desktop\Лабы 3 сем\Git\rep\actions-runner'
[2024-12-12 09:56:00Z INFO Listener] Validating directory permissions for: 'C:\Users\pyata\Desktop\Лабы 3 сем\Git\rep\actions-runner'
[2024-12-12 09:56:00Z INFO CommandLineParser] Parse
[2024-12-12 09:56:00Z INFO CommandLineParser] Parsing 1 args
[2024-12-12 09:56:00Z INFO CommandLineParser] parsing argument
[2024-12-12 09:56:00Z INFO CommandLineParser] HasArgs: False
[2024-12-12 09:56:00Z INFO CommandLineParser] Adding Command: configure
[2024-12-12 09:56:00Z INFO Listener] Arguments parsed
[2024-12-12 09:56:00Z INFO Runner] ExecuteCommand
[2024-12-12 09:56:00Z INFO ConfigurationStore] currentAssemblyLocation: C:\Users\pyata\Desktop\Лабы 3 сем\Git\rep\actions-runner\bin\Runner.Listener.dll
[2024-12-12 09:56:00Z INFO HostContext] Well known directory 'Bin': 'C:\Users\pyata\Desktop\Лабы 3 сем\Git\rep\actions-runner\bin'
[2024-12-12 09:56:00Z INFO ConfigurationStore] binPath: C:\Users\pyata\Desktop\Лабы 3 сем\Git\rep\actions-runner\bin
[2024-12-12 09:56:00Z INFO HostContext] Well known directory 'Bin': 'C:\Users\pyata\Desktop\Лабы 3 сем\Git\rep\actions-runner\bin'
[2024-12-12 09:56:00Z INFO HostContext] Well known directory 'Root': 'C:\Users\pyata\Desktop\Лабы 3 сем\Git\rep\actions-runner'
[2024-12-12 09:56:00Z INFO ConfigurationStore] RootFolder: C:\Users\pyata\Desktop\Лабы 3 сем\Git\rep\actions-runner
[2024-12-12 09:56:00Z INFO HostContext] Well known directory 'Bin': 'C:\Users\pyata\Desktop\Лабы 3 сем\Git\rep\actions-runner\bin'
[2024-12-12 09:56:00Z INFO HostContext] Well known directory 'Root': 'C:\Users\pyata\Desktop\Лабы 3 сем\Git\rep\actions-runner'
[2024-12-12 09:56:00Z INFO HostContext] Well known config file 'Runner': 'C:\Users\pyata\Desktop\Лабы 3 сем\Git\rep\actions-runner\.runner'
[2024-12-12 09:56:00Z INFO ConfigurationStore] ConfigFilePath: C:\Users\pyata\Desktop\Лабы 3 сем\Git\rep\actions-runner\.runner
[2024-12-12 09:56:00Z INFO HostContext] Well known directory 'Bin': 'C:\Users\pyata\Desktop\Лабы 3 сем\Git\rep\actions-runner\bin'
[2024-12-12 09:56:00Z INFO HostContext] Well known directory 'Root': 'C:\Users\pyata\Desktop\Лабы 3 сем\Git\rep\actions-runner'
[2024-12-12 09:56:00Z INFO HostContext] Well known config file 'Credentials': 'C:\Users\pyata\Desktop\Лабы 3 сем\Git\rep\actions-runner\.credentials'
[2024-12-12 09:56:00Z INFO ConfigurationStore] CredFilePath: C:\Users\pyata\Desktop\Лабы 3 сем\Git\rep\actions-runner\.credentials
[2024-12-12 09:56:00Z INFO HostContext] Well known directory 'Bin': 'C:\Users\pyata\Desktop\Лабы 3 сем\Git\rep\actions-runner\bin'
[2024-12-12 09:56:00Z INFO HostContext] Well known directory 'Root': 'C:\Users\pyata\Desktop\Лабы 3 сем\Git\rep\actions-runner'
[2024-12-12 09:56:00Z INFO HostContext] Well known config file 'MigratedCredentials': 'C:\Users\pyata\Desktop\Лабы 3 сем\Git\rep\actions-runner\.credentials_migrated'
[2024-12-12 09:56:00Z INFO ConfigurationStore] MigratedCredFilePath: C:\Users\pyata\Desktop\Лабы 3 сем\Git\rep\actions-runner\.credentials_migrated
[2024-12-12 09:56:00Z INFO HostContext] Well known directory 'Bin': 'C:\Users\pyata\Desktop\Лабы 3 сем\Git\rep\actions-runner\bin'
[2024-12-12 09:56:00Z INFO HostContext] Well known directory 'Root': 'C:\Users\pyata\Desktop\Лабы 3 сем\Git\rep\actions-runner'
[2024-12-12 09:56:00Z INFO HostContext] Well known config file 'Service': 'C:\Users\pyata\Desktop\Лабы 3 сем\Git\rep\actions-runner\.service'
[2024-12-12 09:56:00Z INFO ConfigurationStore] ServiceConfigFilePath: C:\Users\pyata\Desktop\Лабы 3 сем\Git\rep\actions-runner\.service
[2024-12-12 09:56:00Z INFO CommandSettings] Flag 'help': 'False'
[2024-12-12 09:56:00Z INFO CommandSettings] Flag 'version': 'False'
[2024-12-12 09:56:00Z INFO CommandSettings] Flag 'commit': 'False'
[2024-12-12 09:56:00Z INFO CommandSettings] Flag 'check': 'False'
[2024-12-12 09:56:00Z INFO CommandSettings] Command 'configure': 'True'
[2024-12-12 09:56:00Z INFO Terminal] WRITE LINE: 
[2024-12-12 09:56:00Z INFO Terminal] WRITE LINE: --------------------------------------------------------------------------------
[2024-12-12 09:56:00Z INFO Terminal] WRITE LINE: |        ____ _ _   _   _       _          _        _   _                      |
[2024-12-12 09:56:00Z INFO Terminal] WRITE LINE: |       / ___(_) |_| | | |_   _| |__      / \   ___| |_(_) ___  _ __  ___      |
[2024-12-12 09:56:00Z INFO Terminal] WRITE LINE: |      | |  _| | __| |_| | | | | '_ \    / _ \ / __| __| |/ _ \| '_ \/ __|     |
[2024-12-12 09:56:00Z INFO Terminal] WRITE LINE: |      | |_| | | |_|  _  | |_| | |_) |  / ___ \ (__| |_| | (_) | | | \__ \     |
[2024-12-12 09:56:00Z INFO Terminal] WRITE LINE: |       \____|_|\__|_| |_|\__,_|_.__/  /_/   \_\___|\__|_|\___/|_| |_|___/     |
[2024-12-12 09:56:00Z INFO Terminal] WRITE LINE: |                                                                              |
[2024-12-12 09:56:00Z INFO Terminal] WRITE: |                       
[2024-12-12 09:56:00Z INFO Terminal] WRITE: Self-hosted runner registration
[2024-12-12 09:56:00Z INFO Terminal] WRITE LINE:                         |
[2024-12-12 09:56:00Z INFO Terminal] WRITE LINE: |                                                                              |
[2024-12-12 09:56:00Z INFO Terminal] WRITE LINE: --------------------------------------------------------------------------------
[2024-12-12 09:56:00Z INFO ConfigurationManager] ConfigureAsync
[2024-12-12 09:56:00Z INFO CommandSettings] Flag 'generateServiceConfig': 'False'
[2024-12-12 09:56:00Z INFO ConfigurationStore] IsConfigured()
[2024-12-12 09:56:00Z INFO ConfigurationStore] IsConfigured: False
[2024-12-12 09:56:00Z INFO ConfigurationManager] Is configured: False
[2024-12-12 09:56:00Z INFO CommandSettings] Arg 'url': ''
[2024-12-12 09:56:00Z INFO CommandSettings] Flag 'unattended': 'False'
[2024-12-12 09:56:00Z INFO PromptManager] ReadValue
[2024-12-12 09:56:00Z INFO Terminal] WRITE: What is the URL of your repository? 
[2024-12-12 09:56:00Z INFO Terminal] READ LINE
[2024-12-12 09:57:52Z INFO Terminal] Read value: 'https://github.com/PyataninJob/GitRunner'
[2024-12-12 09:57:52Z INFO CommandSettings] Arg 'token': ''
[2024-12-12 09:57:52Z INFO CommandSettings] Flag 'unattended': 'False'
[2024-12-12 09:57:52Z INFO PromptManager] ReadValue
[2024-12-12 09:57:52Z INFO Terminal] WRITE: What is your runner register token? 
[2024-12-12 09:57:52Z INFO Terminal] READ SECRET
[2024-12-12 09:58:11Z INFO Terminal] Read value: '***'
[2024-12-12 09:58:12Z INFO ConfigurationManager] Http response code: OK from 'POST https://api.github.com/actions/runner-registration' (D868:870FC:1906F77:1A06C0A:675AB3B3)
[2024-12-12 09:58:12Z INFO ConfigurationManager] Using V2 flow: False
[2024-12-12 09:58:12Z INFO ConfigurationManager] cred retrieved via GitHub auth
[2024-12-12 09:58:12Z INFO RunnerServer] EstablishVssConnection
[2024-12-12 09:58:12Z INFO RunnerServer] Establish connection with 100 seconds timeout.
[2024-12-12 09:58:12Z INFO GitHubActionsService] Starting operation Location.GetConnectionData
[2024-12-12 09:58:12Z INFO RunnerServer] EstablishVssConnection
[2024-12-12 09:58:12Z INFO RunnerServer] Establish connection with 60 seconds timeout.
[2024-12-12 09:58:12Z INFO GitHubActionsService] Starting operation Location.GetConnectionData
[2024-12-12 09:58:12Z INFO RunnerServer] EstablishVssConnection
[2024-12-12 09:58:12Z INFO RunnerServer] Establish connection with 60 seconds timeout.
[2024-12-12 09:58:12Z INFO GitHubActionsService] Starting operation Location.GetConnectionData
[2024-12-12 09:58:14Z INFO GitHubActionsService] Finished operation Location.GetConnectionData
[2024-12-12 09:58:14Z INFO GitHubActionsService] Finished operation Location.GetConnectionData
[2024-12-12 09:58:14Z INFO GitHubActionsService] Finished operation Location.GetConnectionData
[2024-12-12 09:58:14Z INFO Terminal] WRITE LINE: 
[2024-12-12 09:58:14Z INFO ConfigurationManager] Test Connection complete.
[2024-12-12 09:58:14Z INFO HostContext] Well known directory 'Bin': 'C:\Users\pyata\Desktop\Лабы 3 сем\Git\rep\actions-runner\bin'
[2024-12-12 09:58:14Z INFO HostContext] Well known directory 'Root': 'C:\Users\pyata\Desktop\Лабы 3 сем\Git\rep\actions-runner'
[2024-12-12 09:58:14Z INFO HostContext] Well known config file 'RSACredentials': 'C:\Users\pyata\Desktop\Лабы 3 сем\Git\rep\actions-runner\.credentials_rsaparams'
[2024-12-12 09:58:14Z INFO RSAEncryptedFileKeyManager] Creating new RSA key using 2048-bit key length
[2024-12-12 09:58:14Z INFO RSAEncryptedFileKeyManager] Successfully saved RSA key parameters to file C:\Users\pyata\Desktop\Лабы 3 сем\Git\rep\actions-runner\.credentials_rsaparams
[2024-12-12 09:58:14Z INFO CommandSettings] Arg 'runnergroup': ''
[2024-12-12 09:58:14Z INFO CommandSettings] Flag 'unattended': 'False'
[2024-12-12 09:58:14Z INFO PromptManager] ReadValue
[2024-12-12 09:58:14Z INFO Terminal] WRITE: Enter the name of the runner group to add this runner to: 
[2024-12-12 09:58:14Z INFO Terminal] WRITE: [press Enter for Default] 
[2024-12-12 09:58:14Z INFO Terminal] READ LINE
[2024-12-12 09:59:09Z INFO Terminal] Read value: ''
[2024-12-12 09:59:09Z INFO PromptManager] Falling back to the default: 'Default'
[2024-12-12 09:59:09Z INFO Terminal] WRITE LINE: 
[2024-12-12 09:59:09Z INFO ConfigurationManager] Found a self-hosted runner group with id 1 and name Default
[2024-12-12 09:59:09Z INFO CommandSettings] Flag 'disableupdate': 'False'
[2024-12-12 09:59:09Z INFO CommandSettings] Flag 'ephemeral': 'False'
[2024-12-12 09:59:09Z INFO CommandSettings] Arg 'name': ''
[2024-12-12 09:59:09Z INFO CommandSettings] Flag 'unattended': 'False'
[2024-12-12 09:59:09Z INFO PromptManager] ReadValue
[2024-12-12 09:59:09Z INFO Terminal] WRITE: Enter the name of runner: 
[2024-12-12 09:59:09Z INFO Terminal] WRITE: [press Enter for PYATANIN] 
[2024-12-12 09:59:09Z INFO Terminal] READ LINE
[2024-12-12 09:59:11Z INFO Terminal] Read value: ''
[2024-12-12 09:59:11Z INFO PromptManager] Falling back to the default: 'PYATANIN'
[2024-12-12 09:59:11Z INFO Terminal] WRITE LINE: 
[2024-12-12 09:59:11Z INFO CommandSettings] Arg 'labels': ''
[2024-12-12 09:59:11Z INFO CommandSettings] Flag 'unattended': 'False'
[2024-12-12 09:59:11Z INFO PromptManager] ReadValue
[2024-12-12 09:59:11Z INFO Terminal] WRITE: This runner will have the following labels: 'self-hosted', 'Windows', 'X64' 
Enter any additional labels (ex. label-1,label-2): 
[2024-12-12 09:59:11Z INFO Terminal] WRITE: [press Enter to skip] 
[2024-12-12 09:59:11Z INFO Terminal] READ LINE
[2024-12-12 10:00:04Z INFO Terminal] Read value: 'test'
[2024-12-12 10:00:04Z INFO Terminal] WRITE LINE: 
[2024-12-12 10:00:05Z INFO CommandSettings] Flag 'disableupdate': 'False'
[2024-12-12 10:00:05Z INFO CommandSettings] Flag 'no-default-labels': 'False'
[2024-12-12 10:00:06Z INFO CommandSettings] Flag 'disableupdate': 'False'
[2024-12-12 10:00:06Z INFO CommandSettings] Flag 'ephemeral': 'False'
[2024-12-12 10:00:06Z INFO ConfigurationStore] Saving OAuth credential @ C:\Users\pyata\Desktop\Лабы 3 сем\Git\rep\actions-runner\.credentials
[2024-12-12 10:00:06Z INFO ConfigurationStore] Credentials Saved.
[2024-12-12 10:00:06Z INFO ConfigurationStore] HasCredentials()
[2024-12-12 10:00:06Z INFO ConfigurationStore] stored True
[2024-12-12 10:00:06Z INFO CredentialManager] GetCredentialProvider
[2024-12-12 10:00:06Z INFO CredentialManager] Creating type OAuth
[2024-12-12 10:00:06Z INFO CredentialManager] Creating credential type: OAuth
[2024-12-12 10:00:06Z INFO RSAEncryptedFileKeyManager] Loading RSA key parameters from file C:\Users\pyata\Desktop\Лабы 3 сем\Git\rep\actions-runner\.credentials_rsaparams
[2024-12-12 10:00:06Z INFO RunnerServer] EstablishVssConnection
[2024-12-12 10:00:06Z INFO RunnerServer] Establish connection with 100 seconds timeout.
[2024-12-12 10:00:06Z INFO GitHubActionsService] Starting operation Location.GetConnectionData
[2024-12-12 10:00:06Z INFO RunnerServer] EstablishVssConnection
[2024-12-12 10:00:06Z INFO RunnerServer] Establish connection with 60 seconds timeout.
[2024-12-12 10:00:06Z INFO GitHubActionsService] Starting operation Location.GetConnectionData
[2024-12-12 10:00:06Z INFO RunnerServer] EstablishVssConnection
[2024-12-12 10:00:06Z INFO RunnerServer] Establish connection with 60 seconds timeout.
[2024-12-12 10:00:06Z INFO GitHubActionsService] Starting operation Location.GetConnectionData
[2024-12-12 10:00:07Z INFO GitHubActionsService] Finished operation Location.GetConnectionData
[2024-12-12 10:00:07Z INFO GitHubActionsService] Finished operation Location.GetConnectionData
[2024-12-12 10:00:07Z INFO GitHubActionsService] Finished operation Location.GetConnectionData
[2024-12-12 10:00:07Z INFO RSAEncryptedFileKeyManager] Loading RSA key parameters from file C:\Users\pyata\Desktop\Лабы 3 сем\Git\rep\actions-runner\.credentials_rsaparams
[2024-12-12 10:00:07Z INFO RSAEncryptedFileKeyManager] Loading RSA key parameters from file C:\Users\pyata\Desktop\Лабы 3 сем\Git\rep\actions-runner\.credentials_rsaparams
[2024-12-12 10:00:08Z INFO GitHubActionsService] AAD Correlation ID for this token request: Unknown
[2024-12-12 10:00:09Z INFO CommandSettings] Arg 'work': ''
[2024-12-12 10:00:09Z INFO CommandSettings] Flag 'unattended': 'False'
[2024-12-12 10:00:09Z INFO PromptManager] ReadValue
[2024-12-12 10:00:09Z INFO Terminal] WRITE: Enter name of work folder: 
[2024-12-12 10:00:09Z INFO Terminal] WRITE: [press Enter for _work] 
[2024-12-12 10:00:09Z INFO Terminal] READ LINE
[2024-12-12 10:00:50Z INFO Terminal] Read value: ''
[2024-12-12 10:00:50Z INFO PromptManager] Falling back to the default: '_work'
[2024-12-12 10:00:50Z INFO ConfigurationStore] Saving runner settings.
[2024-12-12 10:00:50Z INFO ConfigurationStore] Settings Saved.
[2024-12-12 10:00:50Z INFO Terminal] WRITE LINE: 
[2024-12-12 10:00:50Z INFO Terminal] WRITE LINE: 
[2024-12-12 10:00:50Z INFO CommandSettings] Flag 'runasservice': 'False'
[2024-12-12 10:00:50Z INFO CommandSettings] Flag 'unattended': 'False'
[2024-12-12 10:00:50Z INFO PromptManager] ReadValue
[2024-12-12 10:00:50Z INFO Terminal] WRITE: Would you like to run the runner as service? (Y/N) 
[2024-12-12 10:00:50Z INFO Terminal] WRITE: [press Enter for N] 
[2024-12-12 10:00:50Z INFO Terminal] READ LINE
[2024-12-12 10:03:36Z INFO Terminal] Read value: 'n'
[2024-12-12 10:03:36Z INFO Listener] Runner execution has finished with return code 0
