[2024-12-12 11:48:04Z INFO HostContext] No proxy settings were found based on environmental variables (http_proxy/https_proxy/HTTP_PROXY/HTTPS_PROXY)
[2024-12-12 11:48:04Z INFO HostContext] Well known directory 'Bin': 'C:\Users\pyata\Desktop\Lab3sem\Git\rep\actions-runner\bin'
[2024-12-12 11:48:04Z INFO HostContext] Well known directory 'Root': 'C:\Users\pyata\Desktop\Lab3sem\Git\rep\actions-runner'
[2024-12-12 11:48:04Z INFO HostContext] Well known config file 'Credentials': 'C:\Users\pyata\Desktop\Lab3sem\Git\rep\actions-runner\.credentials'
[2024-12-12 11:48:04Z INFO HostContext] Well known directory 'Bin': 'C:\Users\pyata\Desktop\Lab3sem\Git\rep\actions-runner\bin'
[2024-12-12 11:48:04Z INFO HostContext] Well known directory 'Root': 'C:\Users\pyata\Desktop\Lab3sem\Git\rep\actions-runner'
[2024-12-12 11:48:04Z INFO HostContext] Well known config file 'Runner': 'C:\Users\pyata\Desktop\Lab3sem\Git\rep\actions-runner\.runner'
[2024-12-12 11:48:04Z INFO Listener] Runner is built for Windows (X64) - win-x64.
[2024-12-12 11:48:04Z INFO Listener] RuntimeInformation: Microsoft Windows 10.0.26100.
[2024-12-12 11:48:04Z INFO Listener] Version: 2.321.0
[2024-12-12 11:48:04Z INFO Listener] Commit: e249007931b7c8e857797fa259c167f0bd4f997a
[2024-12-12 11:48:04Z INFO Listener] Culture: ru-RU
[2024-12-12 11:48:04Z INFO Listener] UI Culture: ru-RU
[2024-12-12 11:48:04Z INFO HostContext] Well known directory 'Bin': 'C:\Users\pyata\Desktop\Lab3sem\Git\rep\actions-runner\bin'
[2024-12-12 11:48:04Z INFO HostContext] Well known directory 'Root': 'C:\Users\pyata\Desktop\Lab3sem\Git\rep\actions-runner'
[2024-12-12 11:48:04Z INFO Listener] Validating directory permissions for: 'C:\Users\pyata\Desktop\Lab3sem\Git\rep\actions-runner'
[2024-12-12 11:48:04Z INFO CommandLineParser] Parse
[2024-12-12 11:48:04Z INFO CommandLineParser] Parsing 1 args
[2024-12-12 11:48:04Z INFO CommandLineParser] parsing argument
[2024-12-12 11:48:04Z INFO CommandLineParser] HasArgs: False
[2024-12-12 11:48:04Z INFO CommandLineParser] Adding Command: run
[2024-12-12 11:48:04Z INFO Listener] Arguments parsed
[2024-12-12 11:48:04Z INFO Runner] ExecuteCommand
[2024-12-12 11:48:04Z INFO ConfigurationStore] currentAssemblyLocation: C:\Users\pyata\Desktop\Lab3sem\Git\rep\actions-runner\bin\Runner.Listener.dll
[2024-12-12 11:48:04Z INFO HostContext] Well known directory 'Bin': 'C:\Users\pyata\Desktop\Lab3sem\Git\rep\actions-runner\bin'
[2024-12-12 11:48:04Z INFO ConfigurationStore] binPath: C:\Users\pyata\Desktop\Lab3sem\Git\rep\actions-runner\bin
[2024-12-12 11:48:04Z INFO HostContext] Well known directory 'Bin': 'C:\Users\pyata\Desktop\Lab3sem\Git\rep\actions-runner\bin'
[2024-12-12 11:48:04Z INFO HostContext] Well known directory 'Root': 'C:\Users\pyata\Desktop\Lab3sem\Git\rep\actions-runner'
[2024-12-12 11:48:04Z INFO ConfigurationStore] RootFolder: C:\Users\pyata\Desktop\Lab3sem\Git\rep\actions-runner
[2024-12-12 11:48:04Z INFO HostContext] Well known directory 'Bin': 'C:\Users\pyata\Desktop\Lab3sem\Git\rep\actions-runner\bin'
[2024-12-12 11:48:04Z INFO HostContext] Well known directory 'Root': 'C:\Users\pyata\Desktop\Lab3sem\Git\rep\actions-runner'
[2024-12-12 11:48:04Z INFO HostContext] Well known config file 'Runner': 'C:\Users\pyata\Desktop\Lab3sem\Git\rep\actions-runner\.runner'
[2024-12-12 11:48:04Z INFO ConfigurationStore] ConfigFilePath: C:\Users\pyata\Desktop\Lab3sem\Git\rep\actions-runner\.runner
[2024-12-12 11:48:04Z INFO HostContext] Well known directory 'Bin': 'C:\Users\pyata\Desktop\Lab3sem\Git\rep\actions-runner\bin'
[2024-12-12 11:48:04Z INFO HostContext] Well known directory 'Root': 'C:\Users\pyata\Desktop\Lab3sem\Git\rep\actions-runner'
[2024-12-12 11:48:04Z INFO HostContext] Well known config file 'Credentials': 'C:\Users\pyata\Desktop\Lab3sem\Git\rep\actions-runner\.credentials'
[2024-12-12 11:48:04Z INFO ConfigurationStore] CredFilePath: C:\Users\pyata\Desktop\Lab3sem\Git\rep\actions-runner\.credentials
[2024-12-12 11:48:04Z INFO HostContext] Well known directory 'Bin': 'C:\Users\pyata\Desktop\Lab3sem\Git\rep\actions-runner\bin'
[2024-12-12 11:48:04Z INFO HostContext] Well known directory 'Root': 'C:\Users\pyata\Desktop\Lab3sem\Git\rep\actions-runner'
[2024-12-12 11:48:04Z INFO HostContext] Well known config file 'MigratedCredentials': 'C:\Users\pyata\Desktop\Lab3sem\Git\rep\actions-runner\.credentials_migrated'
[2024-12-12 11:48:04Z INFO ConfigurationStore] MigratedCredFilePath: C:\Users\pyata\Desktop\Lab3sem\Git\rep\actions-runner\.credentials_migrated
[2024-12-12 11:48:04Z INFO HostContext] Well known directory 'Bin': 'C:\Users\pyata\Desktop\Lab3sem\Git\rep\actions-runner\bin'
[2024-12-12 11:48:04Z INFO HostContext] Well known directory 'Root': 'C:\Users\pyata\Desktop\Lab3sem\Git\rep\actions-runner'
[2024-12-12 11:48:04Z INFO HostContext] Well known config file 'Service': 'C:\Users\pyata\Desktop\Lab3sem\Git\rep\actions-runner\.service'
[2024-12-12 11:48:04Z INFO ConfigurationStore] ServiceConfigFilePath: C:\Users\pyata\Desktop\Lab3sem\Git\rep\actions-runner\.service
[2024-12-12 11:48:04Z INFO CommandSettings] Flag 'help': 'False'
[2024-12-12 11:48:04Z INFO CommandSettings] Flag 'version': 'False'
[2024-12-12 11:48:04Z INFO CommandSettings] Flag 'commit': 'False'
[2024-12-12 11:48:04Z INFO CommandSettings] Flag 'check': 'False'
[2024-12-12 11:48:04Z INFO CommandSettings] Command 'configure': 'False'
[2024-12-12 11:48:04Z INFO CommandSettings] Command 'remove': 'False'
[2024-12-12 11:48:04Z INFO CommandSettings] Command 'warmup': 'False'
[2024-12-12 11:48:04Z INFO ConfigurationManager] LoadSettings
[2024-12-12 11:48:04Z INFO ConfigurationStore] IsConfigured()
[2024-12-12 11:48:04Z INFO ConfigurationStore] IsConfigured: True
[2024-12-12 11:48:04Z INFO ConfigurationManager] Is configured: True
[2024-12-12 11:48:04Z INFO ConfigurationStore] Read setting file: 303 chars
[2024-12-12 11:48:04Z INFO ConfigurationManager] Settings Loaded
[2024-12-12 11:48:04Z INFO ConfigurationStore] IsServiceConfigured()
[2024-12-12 11:48:04Z INFO ConfigurationStore] IsServiceConfigured: False
[2024-12-12 11:48:04Z INFO CommandSettings] Command 'run': 'True'
[2024-12-12 11:48:04Z INFO ConfigurationStore] IsConfigured()
[2024-12-12 11:48:04Z INFO ConfigurationStore] IsConfigured: True
[2024-12-12 11:48:04Z INFO ConfigurationManager] Is configured: True
[2024-12-12 11:48:04Z INFO Runner] Could not parse the argument value '' for StartupType. Defaulting to Manual
[2024-12-12 11:48:04Z INFO Runner] Set runner startup type - Manual
[2024-12-12 11:48:04Z INFO CommandSettings] Flag 'once': 'False'
[2024-12-12 11:48:04Z INFO CommandSettings] Flag 'once': 'False'
[2024-12-12 11:48:04Z INFO Runner] RunAsync
[2024-12-12 11:48:04Z INFO ConfigurationManager] LoadSettings
[2024-12-12 11:48:04Z INFO ConfigurationStore] IsConfigured()
[2024-12-12 11:48:04Z INFO ConfigurationStore] IsConfigured: True
[2024-12-12 11:48:04Z INFO ConfigurationManager] Is configured: True
[2024-12-12 11:48:04Z INFO ConfigurationManager] Settings Loaded
[2024-12-12 11:48:04Z INFO MessageListener] {
  "AgentId": 4,
  "AgentName": "PYATANIN",
  "PoolId": 1,
  "PoolName": "Default",
  "ServerUrl": "https://pipelinesghubeus3.actions.githubusercontent.com/aU836Xnwm0m0IwgkgdsbcLzVgoC048BWw7qD818y5ZGZUEnlJB/",
  "GitHubUrl": "https://github.com/PyataninJob/GitRunner",
  "WorkFolder": "_work"
}
[2024-12-12 11:48:04Z INFO MessageListener] Loading Credentials
[2024-12-12 11:48:04Z INFO ConfigurationStore] HasCredentials()
[2024-12-12 11:48:04Z INFO ConfigurationStore] stored True
[2024-12-12 11:48:04Z INFO CredentialManager] GetCredentialProvider
[2024-12-12 11:48:04Z INFO CredentialManager] Creating type OAuth
[2024-12-12 11:48:04Z INFO CredentialManager] Creating credential type: OAuth
[2024-12-12 11:48:04Z INFO HostContext] Well known directory 'Bin': 'C:\Users\pyata\Desktop\Lab3sem\Git\rep\actions-runner\bin'
[2024-12-12 11:48:04Z INFO HostContext] Well known directory 'Root': 'C:\Users\pyata\Desktop\Lab3sem\Git\rep\actions-runner'
[2024-12-12 11:48:04Z INFO HostContext] Well known config file 'RSACredentials': 'C:\Users\pyata\Desktop\Lab3sem\Git\rep\actions-runner\.credentials_rsaparams'
[2024-12-12 11:48:04Z INFO RSAEncryptedFileKeyManager] Loading RSA key parameters from file C:\Users\pyata\Desktop\Lab3sem\Git\rep\actions-runner\.credentials_rsaparams
[2024-12-12 11:48:04Z INFO MessageListener] Attempt to create session.
[2024-12-12 11:48:04Z INFO MessageListener] Connecting to the Runner Server...
[2024-12-12 11:48:04Z INFO RunnerServer] EstablishVssConnection
[2024-12-12 11:48:04Z INFO RunnerServer] Establish connection with 100 seconds timeout.
[2024-12-12 11:48:04Z INFO GitHubActionsService] Starting operation Location.GetConnectionData
[2024-12-12 11:48:04Z INFO RunnerServer] EstablishVssConnection
[2024-12-12 11:48:04Z INFO RunnerServer] Establish connection with 60 seconds timeout.
[2024-12-12 11:48:04Z INFO GitHubActionsService] Starting operation Location.GetConnectionData
[2024-12-12 11:48:04Z INFO RunnerServer] EstablishVssConnection
[2024-12-12 11:48:04Z INFO RunnerServer] Establish connection with 60 seconds timeout.
[2024-12-12 11:48:04Z INFO GitHubActionsService] Starting operation Location.GetConnectionData
[2024-12-12 11:48:05Z INFO GitHubActionsService] Finished operation Location.GetConnectionData
[2024-12-12 11:48:05Z INFO GitHubActionsService] Finished operation Location.GetConnectionData
[2024-12-12 11:48:05Z INFO GitHubActionsService] Finished operation Location.GetConnectionData
[2024-12-12 11:48:05Z INFO MessageListener] VssConnection created
[2024-12-12 11:48:05Z INFO Terminal] WRITE LINE: 
[2024-12-12 11:48:05Z INFO Terminal] WRITE LINE: 
[2024-12-12 11:48:05Z INFO RSAEncryptedFileKeyManager] Loading RSA key parameters from file C:\Users\pyata\Desktop\Lab3sem\Git\rep\actions-runner\.credentials_rsaparams
[2024-12-12 11:48:05Z INFO RSAEncryptedFileKeyManager] Loading RSA key parameters from file C:\Users\pyata\Desktop\Lab3sem\Git\rep\actions-runner\.credentials_rsaparams
[2024-12-12 11:48:06Z INFO GitHubActionsService] AAD Correlation ID for this token request: Unknown
[2024-12-12 11:48:07Z INFO MessageListener] Session created.
[2024-12-12 11:48:07Z INFO Terminal] WRITE LINE: Current runner version: '2.321.0'
[2024-12-12 11:48:07Z INFO Terminal] WRITE LINE: 2024-12-12 11:48:07Z: Listening for Jobs
[2024-12-12 11:48:07Z INFO JobDispatcher] Set runner/worker IPC timeout to 30 seconds.
[2024-12-12 11:48:07Z INFO RSAEncryptedFileKeyManager] Loading RSA key parameters from file C:\Users\pyata\Desktop\Lab3sem\Git\rep\actions-runner\.credentials_rsaparams
[2024-12-12 11:48:08Z INFO GitHubActionsService] AAD Correlation ID for this token request: Unknown
[2024-12-12 11:49:13Z INFO MessageListener] Message '4077377763993609171' received from session '9ec25e47-b32d-48fb-a91e-72170884de38'.
[2024-12-12 11:49:13Z INFO ConfigurationStore] HasCredentials()
[2024-12-12 11:49:13Z INFO ConfigurationStore] stored True
[2024-12-12 11:49:13Z INFO CredentialManager] GetCredentialProvider
[2024-12-12 11:49:13Z INFO CredentialManager] Creating type OAuth
[2024-12-12 11:49:13Z INFO CredentialManager] Creating credential type: OAuth
[2024-12-12 11:49:13Z INFO RSAEncryptedFileKeyManager] Loading RSA key parameters from file C:\Users\pyata\Desktop\Lab3sem\Git\rep\actions-runner\.credentials_rsaparams
[2024-12-12 11:49:13Z INFO ActionsRunServer] EstablishVssConnection
[2024-12-12 11:49:13Z INFO ActionsRunServer] Establish connection with 100 seconds timeout.
[2024-12-12 11:49:13Z INFO GitHubActionsService] Starting operation Location.GetConnectionData
[2024-12-12 11:49:14Z INFO GitHubActionsService] Finished operation Location.GetConnectionData
[2024-12-12 11:49:14Z INFO RSAEncryptedFileKeyManager] Loading RSA key parameters from file C:\Users\pyata\Desktop\Lab3sem\Git\rep\actions-runner\.credentials_rsaparams
[2024-12-12 11:49:14Z INFO RSAEncryptedFileKeyManager] Loading RSA key parameters from file C:\Users\pyata\Desktop\Lab3sem\Git\rep\actions-runner\.credentials_rsaparams
[2024-12-12 11:49:15Z INFO GitHubActionsService] AAD Correlation ID for this token request: Unknown
[2024-12-12 11:49:16Z INFO JobDispatcher] Job request 10 for plan 197fd13a-decb-4c6a-84d5-182476121d5c job ca395085-040a-526b-2ce8-bdc85f692774 received.
[2024-12-12 11:49:16Z INFO JobDispatcher] Pull OrchestrationId 197fd13a-decb-4c6a-84d5-182476121d5c.build.__default from JWT claims
[2024-12-12 11:49:16Z INFO MessageListener] Received job status event. JobState: Busy
[2024-12-12 11:49:16Z INFO MessageListener] _getMessagesTokenSource is already disposed.
[2024-12-12 11:49:16Z INFO Terminal] WRITE LINE: 2024-12-12 11:49:16Z: Running job: build
[2024-12-12 11:49:16Z INFO JobDispatcher] Start renew job request 10 for job ca395085-040a-526b-2ce8-bdc85f692774.
[2024-12-12 11:49:16Z INFO JobDispatcher] Successfully renew job request 10, job is valid till 12.12.2024 11:59:15
[2024-12-12 11:49:16Z INFO HostContext] Well known directory 'Bin': 'C:\Users\pyata\Desktop\Lab3sem\Git\rep\actions-runner\bin'
[2024-12-12 11:49:16Z INFO ProcessInvokerWrapper] Starting process:
[2024-12-12 11:49:16Z INFO ProcessInvokerWrapper]   File name: 'C:\Users\pyata\Desktop\Lab3sem\Git\rep\actions-runner\bin\Runner.Worker.exe'
[2024-12-12 11:49:16Z INFO ProcessInvokerWrapper]   Arguments: 'spawnclient 2076 1648'
[2024-12-12 11:49:16Z INFO ProcessInvokerWrapper]   Working directory: 'C:\Users\pyata\Desktop\Lab3sem\Git\rep\actions-runner\bin'
[2024-12-12 11:49:16Z INFO ProcessInvokerWrapper]   Require exit code zero: 'False'
[2024-12-12 11:49:16Z INFO ProcessInvokerWrapper]   Encoding web name:  ; code page: ''
[2024-12-12 11:49:16Z INFO ProcessInvokerWrapper]   Force kill process on cancellation: 'True'
[2024-12-12 11:49:16Z INFO ProcessInvokerWrapper]   Redirected STDIN: 'False'
[2024-12-12 11:49:16Z INFO ProcessInvokerWrapper]   Persist current code page: 'False'
[2024-12-12 11:49:16Z INFO ProcessInvokerWrapper]   Keep redirected STDIN open: 'False'
[2024-12-12 11:49:16Z INFO ProcessInvokerWrapper]   High priority process: 'True'
[2024-12-12 11:49:16Z INFO ProcessInvokerWrapper] Process started with process id 14428, waiting for process exit.
[2024-12-12 11:49:16Z INFO JobDispatcher] Send job request message to worker for job ca395085-040a-526b-2ce8-bdc85f692774.
[2024-12-12 11:49:16Z INFO ProcessChannel] Sending message of length 24389, with hash '500cc26aaa7d2a0ad66ce15224f9c05d598df2b105f511acdaaa8519423ee040'
[2024-12-12 11:49:16Z INFO JobNotification] Entering JobStarted Notification
[2024-12-12 11:49:16Z INFO JobNotification] Entering StartMonitor
[2024-12-12 11:49:46Z INFO ProcessInvokerWrapper] STDOUT/STDERR stream read finished.
[2024-12-12 11:49:46Z INFO ProcessInvokerWrapper] STDOUT/STDERR stream read finished.
[2024-12-12 11:49:46Z INFO ProcessInvokerWrapper] Finished process 14428 with exit code 102, and elapsed time 00:00:29.6876432.
[2024-12-12 11:49:46Z INFO JobDispatcher] Worker finished for job ca395085-040a-526b-2ce8-bdc85f692774. Code: 102
[2024-12-12 11:49:46Z INFO JobDispatcher] finish job request for job ca395085-040a-526b-2ce8-bdc85f692774 with result: Failed
[2024-12-12 11:49:46Z INFO Terminal] WRITE LINE: 2024-12-12 11:49:46Z: Job build completed with result: Failed
[2024-12-12 11:49:46Z INFO JobDispatcher] Stop renew job request for job ca395085-040a-526b-2ce8-bdc85f692774.
[2024-12-12 11:49:46Z INFO JobDispatcher] job renew has been cancelled, stop renew job request 10.
[2024-12-12 11:49:46Z INFO JobNotification] Entering JobCompleted Notification
[2024-12-12 11:49:46Z INFO JobNotification] Entering EndMonitor
[2024-12-12 11:49:46Z INFO MessageListener] Received job status event. JobState: Online
[2024-12-12 11:56:34Z INFO MessageListener] Message '744069628097786419' received from session '9ec25e47-b32d-48fb-a91e-72170884de38'.
[2024-12-12 11:56:34Z INFO ConfigurationStore] HasCredentials()
[2024-12-12 11:56:34Z INFO ConfigurationStore] stored True
[2024-12-12 11:56:34Z INFO CredentialManager] GetCredentialProvider
[2024-12-12 11:56:34Z INFO CredentialManager] Creating type OAuth
[2024-12-12 11:56:34Z INFO CredentialManager] Creating credential type: OAuth
[2024-12-12 11:56:34Z INFO RSAEncryptedFileKeyManager] Loading RSA key parameters from file C:\Users\pyata\Desktop\Lab3sem\Git\rep\actions-runner\.credentials_rsaparams
[2024-12-12 11:56:34Z INFO ActionsRunServer] EstablishVssConnection
[2024-12-12 11:56:34Z INFO ActionsRunServer] Establish connection with 100 seconds timeout.
[2024-12-12 11:56:34Z INFO GitHubActionsService] Starting operation Location.GetConnectionData
[2024-12-12 11:56:35Z INFO GitHubActionsService] Finished operation Location.GetConnectionData
[2024-12-12 11:56:35Z INFO RSAEncryptedFileKeyManager] Loading RSA key parameters from file C:\Users\pyata\Desktop\Lab3sem\Git\rep\actions-runner\.credentials_rsaparams
[2024-12-12 11:56:35Z INFO RSAEncryptedFileKeyManager] Loading RSA key parameters from file C:\Users\pyata\Desktop\Lab3sem\Git\rep\actions-runner\.credentials_rsaparams
[2024-12-12 11:56:36Z INFO GitHubActionsService] AAD Correlation ID for this token request: Unknown
[2024-12-12 11:56:37Z INFO JobDispatcher] Job request 11 for plan 423006c9-9627-44be-a3a2-390d88ff18f4 job ca395085-040a-526b-2ce8-bdc85f692774 received.
[2024-12-12 11:56:37Z INFO JobDispatcher] Pull OrchestrationId 423006c9-9627-44be-a3a2-390d88ff18f4.build.__default from JWT claims
[2024-12-12 11:56:37Z INFO MessageListener] Received job status event. JobState: Busy
[2024-12-12 11:56:37Z INFO MessageListener] _getMessagesTokenSource is already disposed.
[2024-12-12 11:56:37Z INFO JobDispatcher] Job request ca395085-040a-526b-2ce8-bdc85f692774 processed succeed.
[2024-12-12 11:56:37Z INFO Terminal] WRITE LINE: 2024-12-12 11:56:37Z: Running job: build
[2024-12-12 11:56:37Z INFO JobDispatcher] Start renew job request 11 for job ca395085-040a-526b-2ce8-bdc85f692774.
[2024-12-12 11:56:38Z INFO JobDispatcher] Successfully renew job request 11, job is valid till 12.12.2024 12:06:37
[2024-12-12 11:56:38Z INFO HostContext] Well known directory 'Bin': 'C:\Users\pyata\Desktop\Lab3sem\Git\rep\actions-runner\bin'
[2024-12-12 11:56:38Z INFO ProcessInvokerWrapper] Starting process:
[2024-12-12 11:56:38Z INFO ProcessInvokerWrapper]   File name: 'C:\Users\pyata\Desktop\Lab3sem\Git\rep\actions-runner\bin\Runner.Worker.exe'
[2024-12-12 11:56:38Z INFO ProcessInvokerWrapper]   Arguments: 'spawnclient 1496 1396'
[2024-12-12 11:56:38Z INFO ProcessInvokerWrapper]   Working directory: 'C:\Users\pyata\Desktop\Lab3sem\Git\rep\actions-runner\bin'
[2024-12-12 11:56:38Z INFO ProcessInvokerWrapper]   Require exit code zero: 'False'
[2024-12-12 11:56:38Z INFO ProcessInvokerWrapper]   Encoding web name:  ; code page: ''
[2024-12-12 11:56:38Z INFO ProcessInvokerWrapper]   Force kill process on cancellation: 'True'
[2024-12-12 11:56:38Z INFO ProcessInvokerWrapper]   Redirected STDIN: 'False'
[2024-12-12 11:56:38Z INFO ProcessInvokerWrapper]   Persist current code page: 'False'
[2024-12-12 11:56:38Z INFO ProcessInvokerWrapper]   Keep redirected STDIN open: 'False'
[2024-12-12 11:56:38Z INFO ProcessInvokerWrapper]   High priority process: 'True'
[2024-12-12 11:56:38Z INFO ProcessInvokerWrapper] Process started with process id 5112, waiting for process exit.
[2024-12-12 11:56:38Z INFO JobDispatcher] Send job request message to worker for job ca395085-040a-526b-2ce8-bdc85f692774.
[2024-12-12 11:56:38Z INFO ProcessChannel] Sending message of length 24439, with hash 'c56b9d560e01ea1d03fd1763908200619f46dfb7a8f91fc00298564faea90350'
[2024-12-12 11:56:38Z INFO JobNotification] Entering JobStarted Notification
[2024-12-12 11:56:38Z INFO JobNotification] Entering StartMonitor
[2024-12-12 11:57:38Z INFO JobDispatcher] Successfully renew job request 11, job is valid till 12.12.2024 12:07:37
[2024-12-12 11:58:38Z INFO JobDispatcher] Successfully renew job request 11, job is valid till 12.12.2024 12:08:37
[2024-12-12 11:59:38Z INFO JobDispatcher] Successfully renew job request 11, job is valid till 12.12.2024 12:09:37
[2024-12-12 12:00:38Z INFO JobDispatcher] Successfully renew job request 11, job is valid till 12.12.2024 12:10:38
[2024-12-12 12:01:39Z INFO JobDispatcher] Successfully renew job request 11, job is valid till 12.12.2024 12:11:38
[2024-12-12 12:02:39Z INFO JobDispatcher] Successfully renew job request 11, job is valid till 12.12.2024 12:12:38
[2024-12-12 12:02:57Z INFO ProcessInvokerWrapper] STDOUT/STDERR stream read finished.
[2024-12-12 12:02:57Z INFO ProcessInvokerWrapper] STDOUT/STDERR stream read finished.
[2024-12-12 12:02:57Z INFO ProcessInvokerWrapper] Finished process 5112 with exit code 102, and elapsed time 00:06:18.9876856.
[2024-12-12 12:02:57Z INFO JobDispatcher] Worker finished for job ca395085-040a-526b-2ce8-bdc85f692774. Code: 102
[2024-12-12 12:02:57Z INFO JobDispatcher] finish job request for job ca395085-040a-526b-2ce8-bdc85f692774 with result: Failed
[2024-12-12 12:02:57Z INFO Terminal] WRITE LINE: 2024-12-12 12:02:57Z: Job build completed with result: Failed
[2024-12-12 12:02:57Z INFO JobDispatcher] Stop renew job request for job ca395085-040a-526b-2ce8-bdc85f692774.
[2024-12-12 12:02:57Z INFO JobDispatcher] job renew has been cancelled, stop renew job request 11.
[2024-12-12 12:02:57Z INFO JobNotification] Entering JobCompleted Notification
[2024-12-12 12:02:57Z INFO JobNotification] Entering EndMonitor
[2024-12-12 12:02:57Z INFO MessageListener] Received job status event. JobState: Online
[2024-12-12 12:08:36Z INFO MessageListener] Message '4814280044841694652' received from session '9ec25e47-b32d-48fb-a91e-72170884de38'.
[2024-12-12 12:08:36Z INFO ConfigurationStore] HasCredentials()
[2024-12-12 12:08:36Z INFO ConfigurationStore] stored True
[2024-12-12 12:08:36Z INFO CredentialManager] GetCredentialProvider
[2024-12-12 12:08:36Z INFO CredentialManager] Creating type OAuth
[2024-12-12 12:08:36Z INFO CredentialManager] Creating credential type: OAuth
[2024-12-12 12:08:36Z INFO RSAEncryptedFileKeyManager] Loading RSA key parameters from file C:\Users\pyata\Desktop\Lab3sem\Git\rep\actions-runner\.credentials_rsaparams
[2024-12-12 12:08:36Z INFO ActionsRunServer] EstablishVssConnection
[2024-12-12 12:08:36Z INFO ActionsRunServer] Establish connection with 100 seconds timeout.
[2024-12-12 12:08:36Z INFO GitHubActionsService] Starting operation Location.GetConnectionData
[2024-12-12 12:08:37Z INFO GitHubActionsService] Finished operation Location.GetConnectionData
[2024-12-12 12:08:37Z INFO RSAEncryptedFileKeyManager] Loading RSA key parameters from file C:\Users\pyata\Desktop\Lab3sem\Git\rep\actions-runner\.credentials_rsaparams
[2024-12-12 12:08:37Z INFO RSAEncryptedFileKeyManager] Loading RSA key parameters from file C:\Users\pyata\Desktop\Lab3sem\Git\rep\actions-runner\.credentials_rsaparams
[2024-12-12 12:08:38Z INFO GitHubActionsService] AAD Correlation ID for this token request: Unknown
[2024-12-12 12:08:38Z INFO JobDispatcher] Job request 12 for plan 4d57a1e5-0c78-46f0-a71d-d3e9bd8e31f5 job ca395085-040a-526b-2ce8-bdc85f692774 received.
[2024-12-12 12:08:38Z INFO JobDispatcher] Pull OrchestrationId 4d57a1e5-0c78-46f0-a71d-d3e9bd8e31f5.build.__default from JWT claims
[2024-12-12 12:08:38Z INFO MessageListener] Received job status event. JobState: Busy
[2024-12-12 12:08:38Z INFO MessageListener] _getMessagesTokenSource is already disposed.
[2024-12-12 12:08:38Z INFO JobDispatcher] Job request ca395085-040a-526b-2ce8-bdc85f692774 processed succeed.
[2024-12-12 12:08:38Z INFO Terminal] WRITE LINE: 2024-12-12 12:08:38Z: Running job: build
[2024-12-12 12:08:38Z INFO JobDispatcher] Start renew job request 12 for job ca395085-040a-526b-2ce8-bdc85f692774.
[2024-12-12 12:08:39Z INFO JobDispatcher] Successfully renew job request 12, job is valid till 12.12.2024 12:18:38
[2024-12-12 12:08:39Z INFO HostContext] Well known directory 'Bin': 'C:\Users\pyata\Desktop\Lab3sem\Git\rep\actions-runner\bin'
[2024-12-12 12:08:39Z INFO ProcessInvokerWrapper] Starting process:
[2024-12-12 12:08:39Z INFO ProcessInvokerWrapper]   File name: 'C:\Users\pyata\Desktop\Lab3sem\Git\rep\actions-runner\bin\Runner.Worker.exe'
[2024-12-12 12:08:39Z INFO ProcessInvokerWrapper]   Arguments: 'spawnclient 2256 2480'
[2024-12-12 12:08:39Z INFO ProcessInvokerWrapper]   Working directory: 'C:\Users\pyata\Desktop\Lab3sem\Git\rep\actions-runner\bin'
[2024-12-12 12:08:39Z INFO ProcessInvokerWrapper]   Require exit code zero: 'False'
[2024-12-12 12:08:39Z INFO ProcessInvokerWrapper]   Encoding web name:  ; code page: ''
[2024-12-12 12:08:39Z INFO ProcessInvokerWrapper]   Force kill process on cancellation: 'True'
[2024-12-12 12:08:39Z INFO ProcessInvokerWrapper]   Redirected STDIN: 'False'
[2024-12-12 12:08:39Z INFO ProcessInvokerWrapper]   Persist current code page: 'False'
[2024-12-12 12:08:39Z INFO ProcessInvokerWrapper]   Keep redirected STDIN open: 'False'
[2024-12-12 12:08:39Z INFO ProcessInvokerWrapper]   High priority process: 'True'
[2024-12-12 12:08:39Z INFO ProcessInvokerWrapper] Process started with process id 29416, waiting for process exit.
[2024-12-12 12:08:39Z INFO JobDispatcher] Send job request message to worker for job ca395085-040a-526b-2ce8-bdc85f692774.
[2024-12-12 12:08:39Z INFO ProcessChannel] Sending message of length 24393, with hash '7a5f7c1426e34fcd9833b20545237e3854a41fb2e2dfdfddcb70738307ec35d4'
[2024-12-12 12:08:40Z INFO JobNotification] Entering JobStarted Notification
[2024-12-12 12:08:40Z INFO JobNotification] Entering StartMonitor
[2024-12-12 12:09:40Z INFO JobDispatcher] Successfully renew job request 12, job is valid till 12.12.2024 12:19:39
[2024-12-12 12:10:24Z INFO ProcessInvokerWrapper] STDOUT/STDERR stream read finished.
[2024-12-12 12:10:24Z INFO ProcessInvokerWrapper] STDOUT/STDERR stream read finished.
[2024-12-12 12:10:24Z INFO ProcessInvokerWrapper] Finished process 29416 with exit code 102, and elapsed time 00:01:44.7905744.
[2024-12-12 12:10:24Z INFO JobDispatcher] Worker finished for job ca395085-040a-526b-2ce8-bdc85f692774. Code: 102
[2024-12-12 12:10:24Z INFO JobDispatcher] finish job request for job ca395085-040a-526b-2ce8-bdc85f692774 with result: Failed
[2024-12-12 12:10:24Z INFO Terminal] WRITE LINE: 2024-12-12 12:10:24Z: Job build completed with result: Failed
[2024-12-12 12:10:24Z INFO JobDispatcher] Stop renew job request for job ca395085-040a-526b-2ce8-bdc85f692774.
[2024-12-12 12:10:24Z INFO JobDispatcher] job renew has been cancelled, stop renew job request 12.
[2024-12-12 12:10:24Z INFO JobNotification] Entering JobCompleted Notification
[2024-12-12 12:10:24Z INFO JobNotification] Entering EndMonitor
[2024-12-12 12:10:24Z INFO MessageListener] Received job status event. JobState: Online
[2024-12-12 12:12:44Z INFO MessageListener] Message '4617837791252522710' received from session '9ec25e47-b32d-48fb-a91e-72170884de38'.
[2024-12-12 12:12:44Z INFO ConfigurationStore] HasCredentials()
[2024-12-12 12:12:44Z INFO ConfigurationStore] stored True
[2024-12-12 12:12:44Z INFO CredentialManager] GetCredentialProvider
[2024-12-12 12:12:44Z INFO CredentialManager] Creating type OAuth
[2024-12-12 12:12:44Z INFO CredentialManager] Creating credential type: OAuth
[2024-12-12 12:12:44Z INFO RSAEncryptedFileKeyManager] Loading RSA key parameters from file C:\Users\pyata\Desktop\Lab3sem\Git\rep\actions-runner\.credentials_rsaparams
[2024-12-12 12:12:44Z INFO ActionsRunServer] EstablishVssConnection
[2024-12-12 12:12:44Z INFO ActionsRunServer] Establish connection with 100 seconds timeout.
[2024-12-12 12:12:44Z INFO GitHubActionsService] Starting operation Location.GetConnectionData
[2024-12-12 12:12:45Z INFO GitHubActionsService] Finished operation Location.GetConnectionData
[2024-12-12 12:12:45Z INFO RSAEncryptedFileKeyManager] Loading RSA key parameters from file C:\Users\pyata\Desktop\Lab3sem\Git\rep\actions-runner\.credentials_rsaparams
[2024-12-12 12:12:45Z INFO RSAEncryptedFileKeyManager] Loading RSA key parameters from file C:\Users\pyata\Desktop\Lab3sem\Git\rep\actions-runner\.credentials_rsaparams
[2024-12-12 12:12:46Z INFO GitHubActionsService] AAD Correlation ID for this token request: Unknown
[2024-12-12 12:12:47Z INFO JobDispatcher] Job request 13 for plan 2926f16a-4fbb-4089-8878-b9c207312d54 job ca395085-040a-526b-2ce8-bdc85f692774 received.
[2024-12-12 12:12:47Z INFO JobDispatcher] Pull OrchestrationId 2926f16a-4fbb-4089-8878-b9c207312d54.build.__default from JWT claims
[2024-12-12 12:12:47Z INFO MessageListener] Received job status event. JobState: Busy
[2024-12-12 12:12:47Z INFO MessageListener] _getMessagesTokenSource is already disposed.
[2024-12-12 12:12:47Z INFO JobDispatcher] Job request ca395085-040a-526b-2ce8-bdc85f692774 processed succeed.
[2024-12-12 12:12:47Z INFO Terminal] WRITE LINE: 2024-12-12 12:12:47Z: Running job: build
[2024-12-12 12:12:47Z INFO JobDispatcher] Start renew job request 13 for job ca395085-040a-526b-2ce8-bdc85f692774.
[2024-12-12 12:12:48Z INFO JobDispatcher] Successfully renew job request 13, job is valid till 12.12.2024 12:22:47
[2024-12-12 12:12:48Z INFO HostContext] Well known directory 'Bin': 'C:\Users\pyata\Desktop\Lab3sem\Git\rep\actions-runner\bin'
[2024-12-12 12:12:48Z INFO ProcessInvokerWrapper] Starting process:
[2024-12-12 12:12:48Z INFO ProcessInvokerWrapper]   File name: 'C:\Users\pyata\Desktop\Lab3sem\Git\rep\actions-runner\bin\Runner.Worker.exe'
[2024-12-12 12:12:48Z INFO ProcessInvokerWrapper]   Arguments: 'spawnclient 2452 2408'
[2024-12-12 12:12:48Z INFO ProcessInvokerWrapper]   Working directory: 'C:\Users\pyata\Desktop\Lab3sem\Git\rep\actions-runner\bin'
[2024-12-12 12:12:48Z INFO ProcessInvokerWrapper]   Require exit code zero: 'False'
[2024-12-12 12:12:48Z INFO ProcessInvokerWrapper]   Encoding web name:  ; code page: ''
[2024-12-12 12:12:48Z INFO ProcessInvokerWrapper]   Force kill process on cancellation: 'True'
[2024-12-12 12:12:48Z INFO ProcessInvokerWrapper]   Redirected STDIN: 'False'
[2024-12-12 12:12:48Z INFO ProcessInvokerWrapper]   Persist current code page: 'False'
[2024-12-12 12:12:48Z INFO ProcessInvokerWrapper]   Keep redirected STDIN open: 'False'
[2024-12-12 12:12:48Z INFO ProcessInvokerWrapper]   High priority process: 'True'
[2024-12-12 12:12:48Z INFO ProcessInvokerWrapper] Process started with process id 28644, waiting for process exit.
[2024-12-12 12:12:48Z INFO JobDispatcher] Send job request message to worker for job ca395085-040a-526b-2ce8-bdc85f692774.
[2024-12-12 12:12:48Z INFO ProcessChannel] Sending message of length 24392, with hash 'c104da61bd7aea1206f2eaf303b51b80ad1d97ea67c813976d72c7e0bc1e25d5'
[2024-12-12 12:12:48Z INFO JobNotification] Entering JobStarted Notification
[2024-12-12 12:12:48Z INFO JobNotification] Entering StartMonitor
[2024-12-12 12:13:20Z INFO ProcessInvokerWrapper] STDOUT/STDERR stream read finished.
[2024-12-12 12:13:20Z INFO ProcessInvokerWrapper] STDOUT/STDERR stream read finished.
[2024-12-12 12:13:20Z INFO ProcessInvokerWrapper] Finished process 28644 with exit code 102, and elapsed time 00:00:31.8777413.
[2024-12-12 12:13:20Z INFO JobDispatcher] Worker finished for job ca395085-040a-526b-2ce8-bdc85f692774. Code: 102
[2024-12-12 12:13:20Z INFO JobDispatcher] finish job request for job ca395085-040a-526b-2ce8-bdc85f692774 with result: Failed
[2024-12-12 12:13:20Z INFO Terminal] WRITE LINE: 2024-12-12 12:13:20Z: Job build completed with result: Failed
[2024-12-12 12:13:20Z INFO JobDispatcher] Stop renew job request for job ca395085-040a-526b-2ce8-bdc85f692774.
[2024-12-12 12:13:20Z INFO JobDispatcher] job renew has been cancelled, stop renew job request 13.
[2024-12-12 12:13:20Z INFO JobNotification] Entering JobCompleted Notification
[2024-12-12 12:13:20Z INFO JobNotification] Entering EndMonitor
[2024-12-12 12:13:20Z INFO MessageListener] Received job status event. JobState: Online
[2024-12-12 12:20:22Z INFO MessageListener] Message '4449860284035747744' received from session '9ec25e47-b32d-48fb-a91e-72170884de38'.
[2024-12-12 12:20:22Z INFO ConfigurationStore] HasCredentials()
[2024-12-12 12:20:22Z INFO ConfigurationStore] stored True
[2024-12-12 12:20:22Z INFO CredentialManager] GetCredentialProvider
[2024-12-12 12:20:22Z INFO CredentialManager] Creating type OAuth
[2024-12-12 12:20:22Z INFO CredentialManager] Creating credential type: OAuth
[2024-12-12 12:20:22Z INFO RSAEncryptedFileKeyManager] Loading RSA key parameters from file C:\Users\pyata\Desktop\Lab3sem\Git\rep\actions-runner\.credentials_rsaparams
[2024-12-12 12:20:22Z INFO ActionsRunServer] EstablishVssConnection
[2024-12-12 12:20:22Z INFO ActionsRunServer] Establish connection with 100 seconds timeout.
[2024-12-12 12:20:22Z INFO GitHubActionsService] Starting operation Location.GetConnectionData
[2024-12-12 12:20:23Z INFO GitHubActionsService] Finished operation Location.GetConnectionData
[2024-12-12 12:20:23Z INFO RSAEncryptedFileKeyManager] Loading RSA key parameters from file C:\Users\pyata\Desktop\Lab3sem\Git\rep\actions-runner\.credentials_rsaparams
[2024-12-12 12:20:23Z INFO RSAEncryptedFileKeyManager] Loading RSA key parameters from file C:\Users\pyata\Desktop\Lab3sem\Git\rep\actions-runner\.credentials_rsaparams
[2024-12-12 12:20:24Z INFO GitHubActionsService] AAD Correlation ID for this token request: Unknown
[2024-12-12 12:20:24Z INFO JobDispatcher] Job request 14 for plan 95d2db97-468b-40a3-8f97-0c37230011a4 job ca395085-040a-526b-2ce8-bdc85f692774 received.
[2024-12-12 12:20:24Z INFO JobDispatcher] Pull OrchestrationId 95d2db97-468b-40a3-8f97-0c37230011a4.build.__default from JWT claims
[2024-12-12 12:20:24Z INFO MessageListener] Received job status event. JobState: Busy
[2024-12-12 12:20:24Z INFO MessageListener] _getMessagesTokenSource is already disposed.
[2024-12-12 12:20:24Z INFO JobDispatcher] Job request ca395085-040a-526b-2ce8-bdc85f692774 processed succeed.
[2024-12-12 12:20:24Z INFO Terminal] WRITE LINE: 2024-12-12 12:20:24Z: Running job: build
[2024-12-12 12:20:24Z INFO JobDispatcher] Start renew job request 14 for job ca395085-040a-526b-2ce8-bdc85f692774.
[2024-12-12 12:20:25Z INFO JobDispatcher] Successfully renew job request 14, job is valid till 12.12.2024 12:30:24
[2024-12-12 12:20:25Z INFO HostContext] Well known directory 'Bin': 'C:\Users\pyata\Desktop\Lab3sem\Git\rep\actions-runner\bin'
[2024-12-12 12:20:25Z INFO ProcessInvokerWrapper] Starting process:
[2024-12-12 12:20:25Z INFO ProcessInvokerWrapper]   File name: 'C:\Users\pyata\Desktop\Lab3sem\Git\rep\actions-runner\bin\Runner.Worker.exe'
[2024-12-12 12:20:25Z INFO ProcessInvokerWrapper]   Arguments: 'spawnclient 2060 2624'
[2024-12-12 12:20:25Z INFO ProcessInvokerWrapper]   Working directory: 'C:\Users\pyata\Desktop\Lab3sem\Git\rep\actions-runner\bin'
[2024-12-12 12:20:25Z INFO ProcessInvokerWrapper]   Require exit code zero: 'False'
[2024-12-12 12:20:25Z INFO ProcessInvokerWrapper]   Encoding web name:  ; code page: ''
[2024-12-12 12:20:25Z INFO ProcessInvokerWrapper]   Force kill process on cancellation: 'True'
[2024-12-12 12:20:25Z INFO ProcessInvokerWrapper]   Redirected STDIN: 'False'
[2024-12-12 12:20:25Z INFO ProcessInvokerWrapper]   Persist current code page: 'False'
[2024-12-12 12:20:25Z INFO ProcessInvokerWrapper]   Keep redirected STDIN open: 'False'
[2024-12-12 12:20:25Z INFO ProcessInvokerWrapper]   High priority process: 'True'
[2024-12-12 12:20:25Z INFO ProcessInvokerWrapper] Process started with process id 15520, waiting for process exit.
[2024-12-12 12:20:25Z INFO JobDispatcher] Send job request message to worker for job ca395085-040a-526b-2ce8-bdc85f692774.
[2024-12-12 12:20:25Z INFO ProcessChannel] Sending message of length 24434, with hash '80f4ae7cdacc31c9d259f192ec4e4c1fce3d8b6a0ac49d5935a1f293a39c3c62'
[2024-12-12 12:20:25Z INFO JobNotification] Entering JobStarted Notification
[2024-12-12 12:20:25Z INFO JobNotification] Entering StartMonitor
[2024-12-12 12:20:58Z INFO ProcessInvokerWrapper] STDOUT/STDERR stream read finished.
[2024-12-12 12:20:58Z INFO ProcessInvokerWrapper] STDOUT/STDERR stream read finished.
[2024-12-12 12:20:58Z INFO ProcessInvokerWrapper] Finished process 15520 with exit code 102, and elapsed time 00:00:32.6906723.
[2024-12-12 12:20:58Z INFO JobDispatcher] Worker finished for job ca395085-040a-526b-2ce8-bdc85f692774. Code: 102
[2024-12-12 12:20:58Z INFO JobDispatcher] finish job request for job ca395085-040a-526b-2ce8-bdc85f692774 with result: Failed
[2024-12-12 12:20:58Z INFO Terminal] WRITE LINE: 2024-12-12 12:20:58Z: Job build completed with result: Failed
[2024-12-12 12:20:58Z INFO JobDispatcher] Stop renew job request for job ca395085-040a-526b-2ce8-bdc85f692774.
[2024-12-12 12:20:58Z INFO JobDispatcher] job renew has been cancelled, stop renew job request 14.
[2024-12-12 12:20:58Z INFO JobNotification] Entering JobCompleted Notification
[2024-12-12 12:20:58Z INFO JobNotification] Entering EndMonitor
[2024-12-12 12:20:58Z INFO MessageListener] Received job status event. JobState: Online
[2024-12-12 12:29:50Z INFO MessageListener] Message '1304578941805951489' received from session '9ec25e47-b32d-48fb-a91e-72170884de38'.
[2024-12-12 12:29:50Z INFO ConfigurationStore] HasCredentials()
[2024-12-12 12:29:50Z INFO ConfigurationStore] stored True
[2024-12-12 12:29:50Z INFO CredentialManager] GetCredentialProvider
[2024-12-12 12:29:50Z INFO CredentialManager] Creating type OAuth
[2024-12-12 12:29:50Z INFO CredentialManager] Creating credential type: OAuth
[2024-12-12 12:29:50Z INFO RSAEncryptedFileKeyManager] Loading RSA key parameters from file C:\Users\pyata\Desktop\Lab3sem\Git\rep\actions-runner\.credentials_rsaparams
[2024-12-12 12:29:50Z INFO ActionsRunServer] EstablishVssConnection
[2024-12-12 12:29:50Z INFO ActionsRunServer] Establish connection with 100 seconds timeout.
[2024-12-12 12:29:50Z INFO GitHubActionsService] Starting operation Location.GetConnectionData
[2024-12-12 12:29:51Z INFO GitHubActionsService] Finished operation Location.GetConnectionData
[2024-12-12 12:29:51Z INFO RSAEncryptedFileKeyManager] Loading RSA key parameters from file C:\Users\pyata\Desktop\Lab3sem\Git\rep\actions-runner\.credentials_rsaparams
[2024-12-12 12:29:51Z INFO RSAEncryptedFileKeyManager] Loading RSA key parameters from file C:\Users\pyata\Desktop\Lab3sem\Git\rep\actions-runner\.credentials_rsaparams
[2024-12-12 12:29:52Z INFO GitHubActionsService] AAD Correlation ID for this token request: Unknown
[2024-12-12 12:29:52Z INFO JobDispatcher] Job request 15 for plan b801c5af-dcee-48ab-8794-cdd0c5e60d4c job ca395085-040a-526b-2ce8-bdc85f692774 received.
[2024-12-12 12:29:52Z INFO JobDispatcher] Pull OrchestrationId b801c5af-dcee-48ab-8794-cdd0c5e60d4c.build.__default from JWT claims
[2024-12-12 12:29:52Z INFO MessageListener] Received job status event. JobState: Busy
[2024-12-12 12:29:52Z INFO MessageListener] _getMessagesTokenSource is already disposed.
[2024-12-12 12:29:52Z INFO JobDispatcher] Job request ca395085-040a-526b-2ce8-bdc85f692774 processed succeed.
[2024-12-12 12:29:52Z INFO Terminal] WRITE LINE: 2024-12-12 12:29:52Z: Running job: build
[2024-12-12 12:29:52Z INFO JobDispatcher] Start renew job request 15 for job ca395085-040a-526b-2ce8-bdc85f692774.
[2024-12-12 12:29:53Z INFO JobDispatcher] Successfully renew job request 15, job is valid till 12.12.2024 12:39:52
[2024-12-12 12:29:53Z INFO HostContext] Well known directory 'Bin': 'C:\Users\pyata\Desktop\Lab3sem\Git\rep\actions-runner\bin'
[2024-12-12 12:29:53Z INFO ProcessInvokerWrapper] Starting process:
[2024-12-12 12:29:53Z INFO ProcessInvokerWrapper]   File name: 'C:\Users\pyata\Desktop\Lab3sem\Git\rep\actions-runner\bin\Runner.Worker.exe'
[2024-12-12 12:29:53Z INFO ProcessInvokerWrapper]   Arguments: 'spawnclient 2472 2700'
[2024-12-12 12:29:53Z INFO ProcessInvokerWrapper]   Working directory: 'C:\Users\pyata\Desktop\Lab3sem\Git\rep\actions-runner\bin'
[2024-12-12 12:29:53Z INFO ProcessInvokerWrapper]   Require exit code zero: 'False'
[2024-12-12 12:29:53Z INFO ProcessInvokerWrapper]   Encoding web name:  ; code page: ''
[2024-12-12 12:29:53Z INFO ProcessInvokerWrapper]   Force kill process on cancellation: 'True'
[2024-12-12 12:29:53Z INFO ProcessInvokerWrapper]   Redirected STDIN: 'False'
[2024-12-12 12:29:53Z INFO ProcessInvokerWrapper]   Persist current code page: 'False'
[2024-12-12 12:29:53Z INFO ProcessInvokerWrapper]   Keep redirected STDIN open: 'False'
[2024-12-12 12:29:53Z INFO ProcessInvokerWrapper]   High priority process: 'True'
[2024-12-12 12:29:53Z INFO ProcessInvokerWrapper] Process started with process id 3152, waiting for process exit.
[2024-12-12 12:29:53Z INFO JobDispatcher] Send job request message to worker for job ca395085-040a-526b-2ce8-bdc85f692774.
[2024-12-12 12:29:53Z INFO ProcessChannel] Sending message of length 24436, with hash '903e3954709330453a683cbfb202eaeac45b695912d60fbca8ad1061649171f3'
[2024-12-12 12:29:54Z INFO JobNotification] Entering JobStarted Notification
[2024-12-12 12:29:54Z INFO JobNotification] Entering StartMonitor
[2024-12-12 12:30:53Z INFO JobDispatcher] Successfully renew job request 15, job is valid till 12.12.2024 12:40:52
[2024-12-12 12:31:54Z INFO JobDispatcher] Successfully renew job request 15, job is valid till 12.12.2024 12:41:53
[2024-12-12 12:32:54Z INFO JobDispatcher] Successfully renew job request 15, job is valid till 12.12.2024 12:42:53
[2024-12-12 12:33:14Z INFO ProcessInvokerWrapper] STDOUT/STDERR stream read finished.
[2024-12-12 12:33:14Z INFO ProcessInvokerWrapper] STDOUT/STDERR stream read finished.
[2024-12-12 12:33:14Z INFO ProcessInvokerWrapper] Finished process 3152 with exit code 102, and elapsed time 00:03:20.5579542.
[2024-12-12 12:33:14Z INFO JobDispatcher] Worker finished for job ca395085-040a-526b-2ce8-bdc85f692774. Code: 102
[2024-12-12 12:33:14Z INFO JobDispatcher] finish job request for job ca395085-040a-526b-2ce8-bdc85f692774 with result: Failed
[2024-12-12 12:33:14Z INFO Terminal] WRITE LINE: 2024-12-12 12:33:14Z: Job build completed with result: Failed
[2024-12-12 12:33:14Z INFO JobDispatcher] Stop renew job request for job ca395085-040a-526b-2ce8-bdc85f692774.
[2024-12-12 12:33:14Z INFO JobDispatcher] job renew has been cancelled, stop renew job request 15.
[2024-12-12 12:33:14Z INFO JobNotification] Entering JobCompleted Notification
[2024-12-12 12:33:14Z INFO JobNotification] Entering EndMonitor
[2024-12-12 12:33:14Z INFO MessageListener] Received job status event. JobState: Online
[2024-12-12 12:35:10Z WARN GitHubActionsService] Attempt 1 of GET request to https://broker.actions.githubusercontent.com/message?sessionId=9ec25e47-b32d-48fb-a91e-72170884de38&status=Online&runnerVersion=2.321.0&os=Windows&architecture=X64&disableUpdate=false failed (Socket Error: ConnectionReset). The operation will be retried in 10,962 seconds.
[2024-12-12 12:35:40Z INFO Terminal] WRITE LINE: Exiting...
[2024-12-12 12:35:40Z INFO ConfigurationStore] IsServiceConfigured()
[2024-12-12 12:35:40Z INFO ConfigurationStore] IsServiceConfigured: False
[2024-12-12 12:35:40Z INFO HostContext] Runner will be shutdown for UserCancelled
[2024-12-12 12:35:40Z WARN GitHubActionsService] GET request to https://broker.actions.githubusercontent.com/message?sessionId=9ec25e47-b32d-48fb-a91e-72170884de38&status=Online&runnerVersion=2.321.0&os=Windows&architecture=X64&disableUpdate=false has been cancelled.
[2024-12-12 12:35:40Z ERR  BrokerServer] Catch exception during request
[2024-12-12 12:35:40Z ERR  BrokerServer] System.Threading.Tasks.TaskCanceledException: The operation was canceled.
 ---> System.Threading.Tasks.TaskCanceledException: The operation was canceled.
 ---> System.IO.IOException: Unable to read data from the transport connection: Операция ввода/вывода была прервана из-за завершения потока команд или по запросу приложения..
 ---> System.Net.Sockets.SocketException (995): Операция ввода/вывода была прервана из-за завершения потока команд или по запросу приложения.
   --- End of inner exception stack trace ---
   at System.Net.Sockets.Socket.AwaitableSocketAsyncEventArgs.System.Threading.Tasks.Sources.IValueTaskSource<System.Int32>.GetResult(Int16 token)
   at System.Net.Security.SslStream.EnsureFullTlsFrameAsync[TIOAdapter](CancellationToken cancellationToken, Int32 estimatedSize)
   at System.Runtime.CompilerServices.PoolingAsyncValueTaskMethodBuilder`1.StateMachineBox`1.System.Threading.Tasks.Sources.IValueTaskSource<TResult>.GetResult(Int16 token)
   at System.Net.Security.SslStream.ReadAsyncInternal[TIOAdapter](Memory`1 buffer, CancellationToken cancellationToken)
   at System.Runtime.CompilerServices.PoolingAsyncValueTaskMethodBuilder`1.StateMachineBox`1.System.Threading.Tasks.Sources.IValueTaskSource<TResult>.GetResult(Int16 token)
   at System.Net.Http.HttpConnection.InitialFillAsync(Boolean async)
   at System.Net.Http.HttpConnection.SendAsync(HttpRequestMessage request, Boolean async, CancellationToken cancellationToken)
   --- End of inner exception stack trace ---
   at System.Net.Http.HttpConnection.SendAsync(HttpRequestMessage request, Boolean async, CancellationToken cancellationToken)
   at System.Net.Http.AuthenticationHelper.SendWithNtAuthAsync(HttpRequestMessage request, Uri authUri, Boolean async, ICredentials credentials, Boolean isProxyAuth, HttpConnection connection, HttpConnectionPool connectionPool, CancellationToken cancellationToken)
   at System.Net.Http.HttpConnectionPool.SendWithVersionDetectionAndRetryAsync(HttpRequestMessage request, Boolean async, Boolean doRequestAuth, CancellationToken cancellationToken)
   at System.Net.Http.AuthenticationHelper.SendWithAuthAsync(HttpRequestMessage request, Uri authUri, Boolean async, ICredentials credentials, Boolean preAuthenticate, Boolean isProxyAuth, Boolean doRequestAuth, HttpConnectionPool pool, CancellationToken cancellationToken)
   at System.Net.Http.RedirectHandler.SendAsync(HttpRequestMessage request, Boolean async, CancellationToken cancellationToken)
   at GitHub.Services.Common.RawHttpMessageHandler.SendAsync(HttpRequestMessage request, CancellationToken cancellationToken)
   at GitHub.Services.Common.VssHttpRetryMessageHandler.SendAsync(HttpRequestMessage request, CancellationToken cancellationToken)
   at System.Net.Http.HttpClient.<SendAsync>g__Core|83_0(HttpRequestMessage request, HttpCompletionOption completionOption, CancellationTokenSource cts, Boolean disposeCts, CancellationTokenSource pendingRequestsCts, CancellationToken originalCancellationToken)
   --- End of inner exception stack trace ---
   at System.Net.Http.HttpClient.HandleFailure(Exception e, Boolean telemetryStarted, HttpResponseMessage response, CancellationTokenSource cts, CancellationToken cancellationToken, CancellationTokenSource pendingRequestsCts)
   at System.Net.Http.HttpClient.<SendAsync>g__Core|83_0(HttpRequestMessage request, HttpCompletionOption completionOption, CancellationTokenSource cts, Boolean disposeCts, CancellationTokenSource pendingRequestsCts, CancellationToken originalCancellationToken)
   at Sdk.WebApi.WebApi.RawHttpClientBase.SendAsync(HttpRequestMessage message, HttpCompletionOption completionOption, Object userState, CancellationToken cancellationToken)
   at Sdk.WebApi.WebApi.RawHttpClientBase.SendAsync[T](HttpRequestMessage message, Boolean readErrorBody, Object userState, CancellationToken cancellationToken)
   at Sdk.WebApi.WebApi.RawHttpClientBase.SendAsync[T](HttpMethod method, IEnumerable`1 additionalHeaders, Uri requestUri, HttpContent content, IEnumerable`1 queryParameters, Boolean readErrorBody, Object userState, CancellationToken cancellationToken)
   at GitHub.Actions.RunService.WebApi.BrokerHttpClient.GetRunnerMessageAsync(Nullable`1 sessionId, String runnerVersion, Nullable`1 status, String os, String architecture, Nullable`1 disableUpdate, CancellationToken cancellationToken)
   at GitHub.Runner.Common.BrokerServer.<>c__DisplayClass7_0.<<GetRunnerMessageAsync>b__0>d.MoveNext()
--- End of stack trace from previous location ---
   at GitHub.Runner.Common.RunnerService.RetryRequest[T](Func`1 func, CancellationToken cancellationToken, Int32 maxRetryAttemptsCount, Func`2 shouldRetry)
[2024-12-12 12:35:40Z ERR  BrokerServer] #####################################################
[2024-12-12 12:35:40Z ERR  BrokerServer] System.Threading.Tasks.TaskCanceledException: The operation was canceled.
 ---> System.IO.IOException: Unable to read data from the transport connection: Операция ввода/вывода была прервана из-за завершения потока команд или по запросу приложения..
 ---> System.Net.Sockets.SocketException (995): Операция ввода/вывода была прервана из-за завершения потока команд или по запросу приложения.
   --- End of inner exception stack trace ---
   at System.Net.Sockets.Socket.AwaitableSocketAsyncEventArgs.System.Threading.Tasks.Sources.IValueTaskSource<System.Int32>.GetResult(Int16 token)
   at System.Net.Security.SslStream.EnsureFullTlsFrameAsync[TIOAdapter](CancellationToken cancellationToken, Int32 estimatedSize)
   at System.Runtime.CompilerServices.PoolingAsyncValueTaskMethodBuilder`1.StateMachineBox`1.System.Threading.Tasks.Sources.IValueTaskSource<TResult>.GetResult(Int16 token)
   at System.Net.Security.SslStream.ReadAsyncInternal[TIOAdapter](Memory`1 buffer, CancellationToken cancellationToken)
   at System.Runtime.CompilerServices.PoolingAsyncValueTaskMethodBuilder`1.StateMachineBox`1.System.Threading.Tasks.Sources.IValueTaskSource<TResult>.GetResult(Int16 token)
   at System.Net.Http.HttpConnection.InitialFillAsync(Boolean async)
   at System.Net.Http.HttpConnection.SendAsync(HttpRequestMessage request, Boolean async, CancellationToken cancellationToken)
   --- End of inner exception stack trace ---
   at System.Net.Http.HttpConnection.SendAsync(HttpRequestMessage request, Boolean async, CancellationToken cancellationToken)
   at System.Net.Http.AuthenticationHelper.SendWithNtAuthAsync(HttpRequestMessage request, Uri authUri, Boolean async, ICredentials credentials, Boolean isProxyAuth, HttpConnection connection, HttpConnectionPool connectionPool, CancellationToken cancellationToken)
   at System.Net.Http.HttpConnectionPool.SendWithVersionDetectionAndRetryAsync(HttpRequestMessage request, Boolean async, Boolean doRequestAuth, CancellationToken cancellationToken)
   at System.Net.Http.AuthenticationHelper.SendWithAuthAsync(HttpRequestMessage request, Uri authUri, Boolean async, ICredentials credentials, Boolean preAuthenticate, Boolean isProxyAuth, Boolean doRequestAuth, HttpConnectionPool pool, CancellationToken cancellationToken)
   at System.Net.Http.RedirectHandler.SendAsync(HttpRequestMessage request, Boolean async, CancellationToken cancellationToken)
   at GitHub.Services.Common.RawHttpMessageHandler.SendAsync(HttpRequestMessage request, CancellationToken cancellationToken)
   at GitHub.Services.Common.VssHttpRetryMessageHandler.SendAsync(HttpRequestMessage request, CancellationToken cancellationToken)
   at System.Net.Http.HttpClient.<SendAsync>g__Core|83_0(HttpRequestMessage request, HttpCompletionOption completionOption, CancellationTokenSource cts, Boolean disposeCts, CancellationTokenSource pendingRequestsCts, CancellationToken originalCancellationToken)
[2024-12-12 12:35:40Z ERR  BrokerServer] #####################################################
[2024-12-12 12:35:40Z ERR  BrokerServer] System.IO.IOException: Unable to read data from the transport connection: Операция ввода/вывода была прервана из-за завершения потока команд или по запросу приложения..
 ---> System.Net.Sockets.SocketException (995): Операция ввода/вывода была прервана из-за завершения потока команд или по запросу приложения.
   --- End of inner exception stack trace ---
   at System.Net.Sockets.Socket.AwaitableSocketAsyncEventArgs.System.Threading.Tasks.Sources.IValueTaskSource<System.Int32>.GetResult(Int16 token)
   at System.Net.Security.SslStream.EnsureFullTlsFrameAsync[TIOAdapter](CancellationToken cancellationToken, Int32 estimatedSize)
   at System.Runtime.CompilerServices.PoolingAsyncValueTaskMethodBuilder`1.StateMachineBox`1.System.Threading.Tasks.Sources.IValueTaskSource<TResult>.GetResult(Int16 token)
   at System.Net.Security.SslStream.ReadAsyncInternal[TIOAdapter](Memory`1 buffer, CancellationToken cancellationToken)
   at System.Runtime.CompilerServices.PoolingAsyncValueTaskMethodBuilder`1.StateMachineBox`1.System.Threading.Tasks.Sources.IValueTaskSource<TResult>.GetResult(Int16 token)
   at System.Net.Http.HttpConnection.InitialFillAsync(Boolean async)
   at System.Net.Http.HttpConnection.SendAsync(HttpRequestMessage request, Boolean async, CancellationToken cancellationToken)
[2024-12-12 12:35:40Z ERR  BrokerServer] #####################################################
[2024-12-12 12:35:40Z ERR  BrokerServer] System.Net.Sockets.SocketException (995): Операция ввода/вывода была прервана из-за завершения потока команд или по запросу приложения.
[2024-12-12 12:35:40Z WARN BrokerServer] Back off 14,417 seconds before next retry. 4 attempt left.
[2024-12-12 12:35:40Z INFO MessageListener] Get next message has been cancelled.
[2024-12-12 12:35:40Z INFO JobDispatcher] Shutting down JobDispatcher. Make sure all WorkerDispatcher has finished.
[2024-12-12 12:35:40Z INFO JobDispatcher] Ensure WorkerDispatcher for job ca395085-040a-526b-2ce8-bdc85f692774 run to finish, cancel any running job.
[2024-12-12 12:35:40Z INFO JobDispatcher] Job request ca395085-040a-526b-2ce8-bdc85f692774 processed succeed.
[2024-12-12 12:35:40Z INFO Runner] Deleting Runner Session...
[2024-12-12 12:35:41Z INFO Terminal] WRITE LINE: Exiting...
[2024-12-12 12:35:41Z INFO ConfigurationStore] IsServiceConfigured()
[2024-12-12 12:35:41Z INFO ConfigurationStore] IsServiceConfigured: False
[2024-12-12 12:35:41Z INFO HostContext] Runner will be shutdown for UserCancelled
[2024-12-12 12:35:42Z INFO Listener] Runner execution been cancelled.
