[2024-12-12 10:47:31Z INFO HostContext] No proxy settings were found based on environmental variables (http_proxy/https_proxy/HTTP_PROXY/HTTPS_PROXY)
[2024-12-12 10:47:31Z INFO HostContext] Well known directory 'Bin': 'C:\Users\pyata\Desktop\Lab3sem\Git\rep\actions-runner\bin'
[2024-12-12 10:47:31Z INFO HostContext] Well known directory 'Root': 'C:\Users\pyata\Desktop\Lab3sem\Git\rep\actions-runner'
[2024-12-12 10:47:31Z INFO HostContext] Well known config file 'Credentials': 'C:\Users\pyata\Desktop\Lab3sem\Git\rep\actions-runner\.credentials'
[2024-12-12 10:47:31Z INFO HostContext] Well known directory 'Bin': 'C:\Users\pyata\Desktop\Lab3sem\Git\rep\actions-runner\bin'
[2024-12-12 10:47:31Z INFO HostContext] Well known directory 'Root': 'C:\Users\pyata\Desktop\Lab3sem\Git\rep\actions-runner'
[2024-12-12 10:47:31Z INFO HostContext] Well known config file 'Runner': 'C:\Users\pyata\Desktop\Lab3sem\Git\rep\actions-runner\.runner'
[2024-12-12 10:47:31Z INFO Listener] Runner is built for Windows (X64) - win-x64.
[2024-12-12 10:47:31Z INFO Listener] RuntimeInformation: Microsoft Windows 10.0.26100.
[2024-12-12 10:47:31Z INFO Listener] Version: 2.321.0
[2024-12-12 10:47:31Z INFO Listener] Commit: e249007931b7c8e857797fa259c167f0bd4f997a
[2024-12-12 10:47:31Z INFO Listener] Culture: ru-RU
[2024-12-12 10:47:31Z INFO Listener] UI Culture: ru-RU
[2024-12-12 10:47:31Z INFO HostContext] Well known directory 'Bin': 'C:\Users\pyata\Desktop\Lab3sem\Git\rep\actions-runner\bin'
[2024-12-12 10:47:31Z INFO HostContext] Well known directory 'Root': 'C:\Users\pyata\Desktop\Lab3sem\Git\rep\actions-runner'
[2024-12-12 10:47:31Z INFO Listener] Validating directory permissions for: 'C:\Users\pyata\Desktop\Lab3sem\Git\rep\actions-runner'
[2024-12-12 10:47:31Z INFO CommandLineParser] Parse
[2024-12-12 10:47:31Z INFO CommandLineParser] Parsing 1 args
[2024-12-12 10:47:31Z INFO CommandLineParser] parsing argument
[2024-12-12 10:47:31Z INFO CommandLineParser] HasArgs: False
[2024-12-12 10:47:31Z INFO CommandLineParser] Adding Command: run
[2024-12-12 10:47:31Z INFO Listener] Arguments parsed
[2024-12-12 10:47:31Z INFO Runner] ExecuteCommand
[2024-12-12 10:47:31Z INFO ConfigurationStore] currentAssemblyLocation: C:\Users\pyata\Desktop\Lab3sem\Git\rep\actions-runner\bin\Runner.Listener.dll
[2024-12-12 10:47:31Z INFO HostContext] Well known directory 'Bin': 'C:\Users\pyata\Desktop\Lab3sem\Git\rep\actions-runner\bin'
[2024-12-12 10:47:31Z INFO ConfigurationStore] binPath: C:\Users\pyata\Desktop\Lab3sem\Git\rep\actions-runner\bin
[2024-12-12 10:47:31Z INFO HostContext] Well known directory 'Bin': 'C:\Users\pyata\Desktop\Lab3sem\Git\rep\actions-runner\bin'
[2024-12-12 10:47:31Z INFO HostContext] Well known directory 'Root': 'C:\Users\pyata\Desktop\Lab3sem\Git\rep\actions-runner'
[2024-12-12 10:47:31Z INFO ConfigurationStore] RootFolder: C:\Users\pyata\Desktop\Lab3sem\Git\rep\actions-runner
[2024-12-12 10:47:31Z INFO HostContext] Well known directory 'Bin': 'C:\Users\pyata\Desktop\Lab3sem\Git\rep\actions-runner\bin'
[2024-12-12 10:47:31Z INFO HostContext] Well known directory 'Root': 'C:\Users\pyata\Desktop\Lab3sem\Git\rep\actions-runner'
[2024-12-12 10:47:31Z INFO HostContext] Well known config file 'Runner': 'C:\Users\pyata\Desktop\Lab3sem\Git\rep\actions-runner\.runner'
[2024-12-12 10:47:31Z INFO ConfigurationStore] ConfigFilePath: C:\Users\pyata\Desktop\Lab3sem\Git\rep\actions-runner\.runner
[2024-12-12 10:47:31Z INFO HostContext] Well known directory 'Bin': 'C:\Users\pyata\Desktop\Lab3sem\Git\rep\actions-runner\bin'
[2024-12-12 10:47:31Z INFO HostContext] Well known directory 'Root': 'C:\Users\pyata\Desktop\Lab3sem\Git\rep\actions-runner'
[2024-12-12 10:47:31Z INFO HostContext] Well known config file 'Credentials': 'C:\Users\pyata\Desktop\Lab3sem\Git\rep\actions-runner\.credentials'
[2024-12-12 10:47:31Z INFO ConfigurationStore] CredFilePath: C:\Users\pyata\Desktop\Lab3sem\Git\rep\actions-runner\.credentials
[2024-12-12 10:47:31Z INFO HostContext] Well known directory 'Bin': 'C:\Users\pyata\Desktop\Lab3sem\Git\rep\actions-runner\bin'
[2024-12-12 10:47:31Z INFO HostContext] Well known directory 'Root': 'C:\Users\pyata\Desktop\Lab3sem\Git\rep\actions-runner'
[2024-12-12 10:47:31Z INFO HostContext] Well known config file 'MigratedCredentials': 'C:\Users\pyata\Desktop\Lab3sem\Git\rep\actions-runner\.credentials_migrated'
[2024-12-12 10:47:31Z INFO ConfigurationStore] MigratedCredFilePath: C:\Users\pyata\Desktop\Lab3sem\Git\rep\actions-runner\.credentials_migrated
[2024-12-12 10:47:31Z INFO HostContext] Well known directory 'Bin': 'C:\Users\pyata\Desktop\Lab3sem\Git\rep\actions-runner\bin'
[2024-12-12 10:47:31Z INFO HostContext] Well known directory 'Root': 'C:\Users\pyata\Desktop\Lab3sem\Git\rep\actions-runner'
[2024-12-12 10:47:31Z INFO HostContext] Well known config file 'Service': 'C:\Users\pyata\Desktop\Lab3sem\Git\rep\actions-runner\.service'
[2024-12-12 10:47:31Z INFO ConfigurationStore] ServiceConfigFilePath: C:\Users\pyata\Desktop\Lab3sem\Git\rep\actions-runner\.service
[2024-12-12 10:47:31Z INFO CommandSettings] Flag 'help': 'False'
[2024-12-12 10:47:31Z INFO CommandSettings] Flag 'version': 'False'
[2024-12-12 10:47:31Z INFO CommandSettings] Flag 'commit': 'False'
[2024-12-12 10:47:31Z INFO CommandSettings] Flag 'check': 'False'
[2024-12-12 10:47:31Z INFO CommandSettings] Command 'configure': 'False'
[2024-12-12 10:47:31Z INFO CommandSettings] Command 'remove': 'False'
[2024-12-12 10:47:31Z INFO CommandSettings] Command 'warmup': 'False'
[2024-12-12 10:47:31Z INFO ConfigurationManager] LoadSettings
[2024-12-12 10:47:31Z INFO ConfigurationStore] IsConfigured()
[2024-12-12 10:47:31Z INFO ConfigurationStore] IsConfigured: True
[2024-12-12 10:47:31Z INFO ConfigurationManager] Is configured: True
[2024-12-12 10:47:31Z INFO ConfigurationStore] Read setting file: 303 chars
[2024-12-12 10:47:31Z INFO ConfigurationManager] Settings Loaded
[2024-12-12 10:47:31Z INFO ConfigurationStore] IsServiceConfigured()
[2024-12-12 10:47:31Z INFO ConfigurationStore] IsServiceConfigured: False
[2024-12-12 10:47:31Z INFO CommandSettings] Command 'run': 'True'
[2024-12-12 10:47:31Z INFO ConfigurationStore] IsConfigured()
[2024-12-12 10:47:31Z INFO ConfigurationStore] IsConfigured: True
[2024-12-12 10:47:31Z INFO ConfigurationManager] Is configured: True
[2024-12-12 10:47:31Z INFO Runner] Could not parse the argument value '' for StartupType. Defaulting to Manual
[2024-12-12 10:47:31Z INFO Runner] Set runner startup type - Manual
[2024-12-12 10:47:31Z INFO CommandSettings] Flag 'once': 'False'
[2024-12-12 10:47:31Z INFO CommandSettings] Flag 'once': 'False'
[2024-12-12 10:47:31Z INFO Runner] RunAsync
[2024-12-12 10:47:31Z INFO ConfigurationManager] LoadSettings
[2024-12-12 10:47:31Z INFO ConfigurationStore] IsConfigured()
[2024-12-12 10:47:31Z INFO ConfigurationStore] IsConfigured: True
[2024-12-12 10:47:31Z INFO ConfigurationManager] Is configured: True
[2024-12-12 10:47:31Z INFO ConfigurationManager] Settings Loaded
[2024-12-12 10:47:31Z INFO MessageListener] {
  "AgentId": 3,
  "AgentName": "PYATANIN",
  "PoolId": 1,
  "PoolName": "Default",
  "ServerUrl": "https://pipelinesghubeus3.actions.githubusercontent.com/aU836Xnwm0m0IwgkgdsbcLzVgoC048BWw7qD818y5ZGZUEnlJB/",
  "GitHubUrl": "https://github.com/PyataninJob/GitRunner",
  "WorkFolder": "_work"
}
[2024-12-12 10:47:31Z INFO MessageListener] Loading Credentials
[2024-12-12 10:47:31Z INFO ConfigurationStore] HasCredentials()
[2024-12-12 10:47:31Z INFO ConfigurationStore] stored True
[2024-12-12 10:47:31Z INFO CredentialManager] GetCredentialProvider
[2024-12-12 10:47:31Z INFO CredentialManager] Creating type OAuth
[2024-12-12 10:47:31Z INFO CredentialManager] Creating credential type: OAuth
[2024-12-12 10:47:31Z INFO HostContext] Well known directory 'Bin': 'C:\Users\pyata\Desktop\Lab3sem\Git\rep\actions-runner\bin'
[2024-12-12 10:47:31Z INFO HostContext] Well known directory 'Root': 'C:\Users\pyata\Desktop\Lab3sem\Git\rep\actions-runner'
[2024-12-12 10:47:31Z INFO HostContext] Well known config file 'RSACredentials': 'C:\Users\pyata\Desktop\Lab3sem\Git\rep\actions-runner\.credentials_rsaparams'
[2024-12-12 10:47:31Z INFO RSAEncryptedFileKeyManager] Loading RSA key parameters from file C:\Users\pyata\Desktop\Lab3sem\Git\rep\actions-runner\.credentials_rsaparams
[2024-12-12 10:47:31Z INFO MessageListener] Attempt to create session.
[2024-12-12 10:47:31Z INFO MessageListener] Connecting to the Runner Server...
[2024-12-12 10:47:31Z INFO RunnerServer] EstablishVssConnection
[2024-12-12 10:47:31Z INFO RunnerServer] Establish connection with 100 seconds timeout.
[2024-12-12 10:47:31Z INFO GitHubActionsService] Starting operation Location.GetConnectionData
[2024-12-12 10:47:31Z INFO RunnerServer] EstablishVssConnection
[2024-12-12 10:47:31Z INFO RunnerServer] Establish connection with 60 seconds timeout.
[2024-12-12 10:47:31Z INFO GitHubActionsService] Starting operation Location.GetConnectionData
[2024-12-12 10:47:31Z INFO RunnerServer] EstablishVssConnection
[2024-12-12 10:47:31Z INFO RunnerServer] Establish connection with 60 seconds timeout.
[2024-12-12 10:47:31Z INFO GitHubActionsService] Starting operation Location.GetConnectionData
[2024-12-12 10:47:32Z INFO GitHubActionsService] Finished operation Location.GetConnectionData
[2024-12-12 10:47:33Z INFO GitHubActionsService] Finished operation Location.GetConnectionData
[2024-12-12 10:47:33Z INFO GitHubActionsService] Finished operation Location.GetConnectionData
[2024-12-12 10:47:33Z INFO MessageListener] VssConnection created
[2024-12-12 10:47:33Z INFO Terminal] WRITE LINE: 
[2024-12-12 10:47:33Z INFO Terminal] WRITE LINE: 
[2024-12-12 10:47:33Z INFO RSAEncryptedFileKeyManager] Loading RSA key parameters from file C:\Users\pyata\Desktop\Lab3sem\Git\rep\actions-runner\.credentials_rsaparams
[2024-12-12 10:47:33Z INFO RSAEncryptedFileKeyManager] Loading RSA key parameters from file C:\Users\pyata\Desktop\Lab3sem\Git\rep\actions-runner\.credentials_rsaparams
[2024-12-12 10:47:34Z INFO GitHubActionsService] AAD Correlation ID for this token request: Unknown
[2024-12-12 10:47:35Z INFO MessageListener] Session created.
[2024-12-12 10:47:35Z INFO Terminal] WRITE LINE: Current runner version: '2.321.0'
[2024-12-12 10:47:35Z INFO Terminal] WRITE LINE: 2024-12-12 10:47:35Z: Listening for Jobs
[2024-12-12 10:47:35Z INFO JobDispatcher] Set runner/worker IPC timeout to 30 seconds.
[2024-12-12 10:47:35Z INFO RSAEncryptedFileKeyManager] Loading RSA key parameters from file C:\Users\pyata\Desktop\Lab3sem\Git\rep\actions-runner\.credentials_rsaparams
[2024-12-12 10:47:36Z INFO GitHubActionsService] AAD Correlation ID for this token request: Unknown
[2024-12-12 10:50:09Z INFO MessageListener] Message '2002454099988474386' received from session '8dc8f51e-9abc-43bd-bb36-043357a80373'.
[2024-12-12 10:50:09Z INFO ConfigurationStore] HasCredentials()
[2024-12-12 10:50:09Z INFO ConfigurationStore] stored True
[2024-12-12 10:50:09Z INFO CredentialManager] GetCredentialProvider
[2024-12-12 10:50:09Z INFO CredentialManager] Creating type OAuth
[2024-12-12 10:50:09Z INFO CredentialManager] Creating credential type: OAuth
[2024-12-12 10:50:09Z INFO RSAEncryptedFileKeyManager] Loading RSA key parameters from file C:\Users\pyata\Desktop\Lab3sem\Git\rep\actions-runner\.credentials_rsaparams
[2024-12-12 10:50:09Z INFO ActionsRunServer] EstablishVssConnection
[2024-12-12 10:50:09Z INFO ActionsRunServer] Establish connection with 100 seconds timeout.
[2024-12-12 10:50:09Z INFO GitHubActionsService] Starting operation Location.GetConnectionData
[2024-12-12 10:50:10Z INFO GitHubActionsService] Finished operation Location.GetConnectionData
[2024-12-12 10:50:10Z INFO RSAEncryptedFileKeyManager] Loading RSA key parameters from file C:\Users\pyata\Desktop\Lab3sem\Git\rep\actions-runner\.credentials_rsaparams
[2024-12-12 10:50:10Z INFO RSAEncryptedFileKeyManager] Loading RSA key parameters from file C:\Users\pyata\Desktop\Lab3sem\Git\rep\actions-runner\.credentials_rsaparams
[2024-12-12 10:50:11Z INFO GitHubActionsService] AAD Correlation ID for this token request: Unknown
[2024-12-12 10:50:12Z INFO JobDispatcher] Job request 4 for plan a1b479b6-9ab9-427e-a622-efb33a2dcdc7 job ca395085-040a-526b-2ce8-bdc85f692774 received.
[2024-12-12 10:50:12Z INFO JobDispatcher] Pull OrchestrationId a1b479b6-9ab9-427e-a622-efb33a2dcdc7.build.__default from JWT claims
[2024-12-12 10:50:12Z INFO MessageListener] Received job status event. JobState: Busy
[2024-12-12 10:50:12Z INFO MessageListener] _getMessagesTokenSource is already disposed.
[2024-12-12 10:50:12Z INFO Terminal] WRITE LINE: 2024-12-12 10:50:12Z: Running job: build
[2024-12-12 10:50:12Z INFO JobDispatcher] Start renew job request 4 for job ca395085-040a-526b-2ce8-bdc85f692774.
[2024-12-12 10:50:12Z INFO JobDispatcher] Successfully renew job request 4, job is valid till 12.12.2024 11:00:12
[2024-12-12 10:50:12Z INFO HostContext] Well known directory 'Bin': 'C:\Users\pyata\Desktop\Lab3sem\Git\rep\actions-runner\bin'
[2024-12-12 10:50:12Z INFO ProcessInvokerWrapper] Starting process:
[2024-12-12 10:50:12Z INFO ProcessInvokerWrapper]   File name: 'C:\Users\pyata\Desktop\Lab3sem\Git\rep\actions-runner\bin\Runner.Worker.exe'
[2024-12-12 10:50:12Z INFO ProcessInvokerWrapper]   Arguments: 'spawnclient 1548 2040'
[2024-12-12 10:50:12Z INFO ProcessInvokerWrapper]   Working directory: 'C:\Users\pyata\Desktop\Lab3sem\Git\rep\actions-runner\bin'
[2024-12-12 10:50:12Z INFO ProcessInvokerWrapper]   Require exit code zero: 'False'
[2024-12-12 10:50:12Z INFO ProcessInvokerWrapper]   Encoding web name:  ; code page: ''
[2024-12-12 10:50:12Z INFO ProcessInvokerWrapper]   Force kill process on cancellation: 'True'
[2024-12-12 10:50:12Z INFO ProcessInvokerWrapper]   Redirected STDIN: 'False'
[2024-12-12 10:50:12Z INFO ProcessInvokerWrapper]   Persist current code page: 'False'
[2024-12-12 10:50:12Z INFO ProcessInvokerWrapper]   Keep redirected STDIN open: 'False'
[2024-12-12 10:50:12Z INFO ProcessInvokerWrapper]   High priority process: 'True'
[2024-12-12 10:50:13Z INFO ProcessInvokerWrapper] Process started with process id 15560, waiting for process exit.
[2024-12-12 10:50:13Z INFO JobDispatcher] Send job request message to worker for job ca395085-040a-526b-2ce8-bdc85f692774.
[2024-12-12 10:50:13Z INFO ProcessChannel] Sending message of length 24442, with hash '882c11ffbf0cd8a44be0f869aeb16e6c81686784b615677e43a797abc9402ea3'
[2024-12-12 10:50:13Z INFO JobNotification] Entering JobStarted Notification
[2024-12-12 10:50:13Z INFO JobNotification] Entering StartMonitor
