[2024-12-12 11:29:21Z INFO HostContext] No proxy settings were found based on environmental variables (http_proxy/https_proxy/HTTP_PROXY/HTTPS_PROXY)
[2024-12-12 11:29:21Z INFO HostContext] Well known directory 'Bin': 'C:\Users\pyata\Desktop\Lab3sem\Git\rep\actions-runner\bin'
[2024-12-12 11:29:21Z INFO HostContext] Well known directory 'Root': 'C:\Users\pyata\Desktop\Lab3sem\Git\rep\actions-runner'
[2024-12-12 11:29:21Z INFO HostContext] Well known config file 'Credentials': 'C:\Users\pyata\Desktop\Lab3sem\Git\rep\actions-runner\.credentials'
[2024-12-12 11:29:21Z INFO HostContext] Well known directory 'Bin': 'C:\Users\pyata\Desktop\Lab3sem\Git\rep\actions-runner\bin'
[2024-12-12 11:29:21Z INFO HostContext] Well known directory 'Root': 'C:\Users\pyata\Desktop\Lab3sem\Git\rep\actions-runner'
[2024-12-12 11:29:21Z INFO HostContext] Well known config file 'Runner': 'C:\Users\pyata\Desktop\Lab3sem\Git\rep\actions-runner\.runner'
[2024-12-12 11:29:21Z INFO Listener] Runner is built for Windows (X64) - win-x64.
[2024-12-12 11:29:21Z INFO Listener] RuntimeInformation: Microsoft Windows 10.0.26100.
[2024-12-12 11:29:21Z INFO Listener] Version: 2.321.0
[2024-12-12 11:29:21Z INFO Listener] Commit: e249007931b7c8e857797fa259c167f0bd4f997a
[2024-12-12 11:29:21Z INFO Listener] Culture: ru-RU
[2024-12-12 11:29:21Z INFO Listener] UI Culture: ru-RU
[2024-12-12 11:29:21Z INFO HostContext] Well known directory 'Bin': 'C:\Users\pyata\Desktop\Lab3sem\Git\rep\actions-runner\bin'
[2024-12-12 11:29:21Z INFO HostContext] Well known directory 'Root': 'C:\Users\pyata\Desktop\Lab3sem\Git\rep\actions-runner'
[2024-12-12 11:29:21Z INFO Listener] Validating directory permissions for: 'C:\Users\pyata\Desktop\Lab3sem\Git\rep\actions-runner'
[2024-12-12 11:29:21Z INFO CommandLineParser] Parse
[2024-12-12 11:29:21Z INFO CommandLineParser] Parsing 1 args
[2024-12-12 11:29:21Z INFO CommandLineParser] parsing argument
[2024-12-12 11:29:21Z INFO CommandLineParser] HasArgs: False
[2024-12-12 11:29:21Z INFO CommandLineParser] Adding Command: run
[2024-12-12 11:29:21Z INFO Listener] Arguments parsed
[2024-12-12 11:29:21Z INFO Runner] ExecuteCommand
[2024-12-12 11:29:21Z INFO ConfigurationStore] currentAssemblyLocation: C:\Users\pyata\Desktop\Lab3sem\Git\rep\actions-runner\bin\Runner.Listener.dll
[2024-12-12 11:29:21Z INFO HostContext] Well known directory 'Bin': 'C:\Users\pyata\Desktop\Lab3sem\Git\rep\actions-runner\bin'
[2024-12-12 11:29:21Z INFO ConfigurationStore] binPath: C:\Users\pyata\Desktop\Lab3sem\Git\rep\actions-runner\bin
[2024-12-12 11:29:21Z INFO HostContext] Well known directory 'Bin': 'C:\Users\pyata\Desktop\Lab3sem\Git\rep\actions-runner\bin'
[2024-12-12 11:29:21Z INFO HostContext] Well known directory 'Root': 'C:\Users\pyata\Desktop\Lab3sem\Git\rep\actions-runner'
[2024-12-12 11:29:21Z INFO ConfigurationStore] RootFolder: C:\Users\pyata\Desktop\Lab3sem\Git\rep\actions-runner
[2024-12-12 11:29:21Z INFO HostContext] Well known directory 'Bin': 'C:\Users\pyata\Desktop\Lab3sem\Git\rep\actions-runner\bin'
[2024-12-12 11:29:21Z INFO HostContext] Well known directory 'Root': 'C:\Users\pyata\Desktop\Lab3sem\Git\rep\actions-runner'
[2024-12-12 11:29:21Z INFO HostContext] Well known config file 'Runner': 'C:\Users\pyata\Desktop\Lab3sem\Git\rep\actions-runner\.runner'
[2024-12-12 11:29:21Z INFO ConfigurationStore] ConfigFilePath: C:\Users\pyata\Desktop\Lab3sem\Git\rep\actions-runner\.runner
[2024-12-12 11:29:21Z INFO HostContext] Well known directory 'Bin': 'C:\Users\pyata\Desktop\Lab3sem\Git\rep\actions-runner\bin'
[2024-12-12 11:29:21Z INFO HostContext] Well known directory 'Root': 'C:\Users\pyata\Desktop\Lab3sem\Git\rep\actions-runner'
[2024-12-12 11:29:21Z INFO HostContext] Well known config file 'Credentials': 'C:\Users\pyata\Desktop\Lab3sem\Git\rep\actions-runner\.credentials'
[2024-12-12 11:29:21Z INFO ConfigurationStore] CredFilePath: C:\Users\pyata\Desktop\Lab3sem\Git\rep\actions-runner\.credentials
[2024-12-12 11:29:21Z INFO HostContext] Well known directory 'Bin': 'C:\Users\pyata\Desktop\Lab3sem\Git\rep\actions-runner\bin'
[2024-12-12 11:29:21Z INFO HostContext] Well known directory 'Root': 'C:\Users\pyata\Desktop\Lab3sem\Git\rep\actions-runner'
[2024-12-12 11:29:21Z INFO HostContext] Well known config file 'MigratedCredentials': 'C:\Users\pyata\Desktop\Lab3sem\Git\rep\actions-runner\.credentials_migrated'
[2024-12-12 11:29:21Z INFO ConfigurationStore] MigratedCredFilePath: C:\Users\pyata\Desktop\Lab3sem\Git\rep\actions-runner\.credentials_migrated
[2024-12-12 11:29:21Z INFO HostContext] Well known directory 'Bin': 'C:\Users\pyata\Desktop\Lab3sem\Git\rep\actions-runner\bin'
[2024-12-12 11:29:21Z INFO HostContext] Well known directory 'Root': 'C:\Users\pyata\Desktop\Lab3sem\Git\rep\actions-runner'
[2024-12-12 11:29:21Z INFO HostContext] Well known config file 'Service': 'C:\Users\pyata\Desktop\Lab3sem\Git\rep\actions-runner\.service'
[2024-12-12 11:29:21Z INFO ConfigurationStore] ServiceConfigFilePath: C:\Users\pyata\Desktop\Lab3sem\Git\rep\actions-runner\.service
[2024-12-12 11:29:21Z INFO CommandSettings] Flag 'help': 'False'
[2024-12-12 11:29:21Z INFO CommandSettings] Flag 'version': 'False'
[2024-12-12 11:29:21Z INFO CommandSettings] Flag 'commit': 'False'
[2024-12-12 11:29:21Z INFO CommandSettings] Flag 'check': 'False'
[2024-12-12 11:29:21Z INFO CommandSettings] Command 'configure': 'False'
[2024-12-12 11:29:21Z INFO CommandSettings] Command 'remove': 'False'
[2024-12-12 11:29:21Z INFO CommandSettings] Command 'warmup': 'False'
[2024-12-12 11:29:21Z INFO ConfigurationManager] LoadSettings
[2024-12-12 11:29:21Z INFO ConfigurationStore] IsConfigured()
[2024-12-12 11:29:21Z INFO ConfigurationStore] IsConfigured: True
[2024-12-12 11:29:21Z INFO ConfigurationManager] Is configured: True
[2024-12-12 11:29:21Z INFO ConfigurationStore] Read setting file: 303 chars
[2024-12-12 11:29:21Z INFO ConfigurationManager] Settings Loaded
[2024-12-12 11:29:21Z INFO ConfigurationStore] IsServiceConfigured()
[2024-12-12 11:29:21Z INFO ConfigurationStore] IsServiceConfigured: False
[2024-12-12 11:29:21Z INFO CommandSettings] Command 'run': 'True'
[2024-12-12 11:29:21Z INFO ConfigurationStore] IsConfigured()
[2024-12-12 11:29:21Z INFO ConfigurationStore] IsConfigured: True
[2024-12-12 11:29:21Z INFO ConfigurationManager] Is configured: True
[2024-12-12 11:29:21Z INFO Runner] Could not parse the argument value '' for StartupType. Defaulting to Manual
[2024-12-12 11:29:21Z INFO Runner] Set runner startup type - Manual
[2024-12-12 11:29:21Z INFO CommandSettings] Flag 'once': 'False'
[2024-12-12 11:29:21Z INFO CommandSettings] Flag 'once': 'False'
[2024-12-12 11:29:21Z INFO Runner] RunAsync
[2024-12-12 11:29:21Z INFO ConfigurationManager] LoadSettings
[2024-12-12 11:29:21Z INFO ConfigurationStore] IsConfigured()
[2024-12-12 11:29:21Z INFO ConfigurationStore] IsConfigured: True
[2024-12-12 11:29:21Z INFO ConfigurationManager] Is configured: True
[2024-12-12 11:29:21Z INFO ConfigurationManager] Settings Loaded
[2024-12-12 11:29:21Z INFO MessageListener] {
  "AgentId": 3,
  "AgentName": "PYATANIN",
  "PoolId": 1,
  "PoolName": "Default",
  "ServerUrl": "https://pipelinesghubeus3.actions.githubusercontent.com/aU836Xnwm0m0IwgkgdsbcLzVgoC048BWw7qD818y5ZGZUEnlJB/",
  "GitHubUrl": "https://github.com/PyataninJob/GitRunner",
  "WorkFolder": "_work"
}
[2024-12-12 11:29:21Z INFO MessageListener] Loading Credentials
[2024-12-12 11:29:21Z INFO ConfigurationStore] HasCredentials()
[2024-12-12 11:29:21Z INFO ConfigurationStore] stored True
[2024-12-12 11:29:21Z INFO CredentialManager] GetCredentialProvider
[2024-12-12 11:29:21Z INFO CredentialManager] Creating type OAuth
[2024-12-12 11:29:21Z INFO CredentialManager] Creating credential type: OAuth
[2024-12-12 11:29:21Z INFO HostContext] Well known directory 'Bin': 'C:\Users\pyata\Desktop\Lab3sem\Git\rep\actions-runner\bin'
[2024-12-12 11:29:21Z INFO HostContext] Well known directory 'Root': 'C:\Users\pyata\Desktop\Lab3sem\Git\rep\actions-runner'
[2024-12-12 11:29:21Z INFO HostContext] Well known config file 'RSACredentials': 'C:\Users\pyata\Desktop\Lab3sem\Git\rep\actions-runner\.credentials_rsaparams'
[2024-12-12 11:29:21Z INFO RSAEncryptedFileKeyManager] Loading RSA key parameters from file C:\Users\pyata\Desktop\Lab3sem\Git\rep\actions-runner\.credentials_rsaparams
[2024-12-12 11:29:21Z INFO MessageListener] Attempt to create session.
[2024-12-12 11:29:21Z INFO MessageListener] Connecting to the Runner Server...
[2024-12-12 11:29:21Z INFO RunnerServer] EstablishVssConnection
[2024-12-12 11:29:21Z INFO RunnerServer] Establish connection with 100 seconds timeout.
[2024-12-12 11:29:21Z INFO GitHubActionsService] Starting operation Location.GetConnectionData
[2024-12-12 11:29:21Z INFO RunnerServer] EstablishVssConnection
[2024-12-12 11:29:21Z INFO RunnerServer] Establish connection with 60 seconds timeout.
[2024-12-12 11:29:21Z INFO GitHubActionsService] Starting operation Location.GetConnectionData
[2024-12-12 11:29:21Z INFO RunnerServer] EstablishVssConnection
[2024-12-12 11:29:21Z INFO RunnerServer] Establish connection with 60 seconds timeout.
[2024-12-12 11:29:21Z INFO GitHubActionsService] Starting operation Location.GetConnectionData
[2024-12-12 11:29:22Z INFO GitHubActionsService] Finished operation Location.GetConnectionData
[2024-12-12 11:29:22Z INFO GitHubActionsService] Finished operation Location.GetConnectionData
[2024-12-12 11:29:22Z INFO GitHubActionsService] Finished operation Location.GetConnectionData
[2024-12-12 11:29:22Z INFO MessageListener] VssConnection created
[2024-12-12 11:29:22Z INFO Terminal] WRITE LINE: 
[2024-12-12 11:29:22Z INFO Terminal] WRITE LINE: 
[2024-12-12 11:29:23Z INFO RSAEncryptedFileKeyManager] Loading RSA key parameters from file C:\Users\pyata\Desktop\Lab3sem\Git\rep\actions-runner\.credentials_rsaparams
[2024-12-12 11:29:23Z INFO RSAEncryptedFileKeyManager] Loading RSA key parameters from file C:\Users\pyata\Desktop\Lab3sem\Git\rep\actions-runner\.credentials_rsaparams
[2024-12-12 11:29:23Z INFO GitHubActionsService] AAD Correlation ID for this token request: Unknown
[2024-12-12 11:29:24Z INFO MessageListener] Session created.
[2024-12-12 11:29:24Z INFO Terminal] WRITE LINE: Current runner version: '2.321.0'
[2024-12-12 11:29:24Z INFO Terminal] WRITE LINE: 2024-12-12 11:29:24Z: Listening for Jobs
[2024-12-12 11:29:24Z INFO JobDispatcher] Set runner/worker IPC timeout to 30 seconds.
[2024-12-12 11:29:24Z INFO RSAEncryptedFileKeyManager] Loading RSA key parameters from file C:\Users\pyata\Desktop\Lab3sem\Git\rep\actions-runner\.credentials_rsaparams
[2024-12-12 11:29:25Z INFO GitHubActionsService] AAD Correlation ID for this token request: Unknown
[2024-12-12 11:30:36Z INFO MessageListener] Message '5460656174877794378' received from session 'e5f54527-00fe-48ea-82bf-a4bbf5e21be4'.
[2024-12-12 11:30:36Z INFO ConfigurationStore] HasCredentials()
[2024-12-12 11:30:36Z INFO ConfigurationStore] stored True
[2024-12-12 11:30:36Z INFO CredentialManager] GetCredentialProvider
[2024-12-12 11:30:36Z INFO CredentialManager] Creating type OAuth
[2024-12-12 11:30:36Z INFO CredentialManager] Creating credential type: OAuth
[2024-12-12 11:30:36Z INFO RSAEncryptedFileKeyManager] Loading RSA key parameters from file C:\Users\pyata\Desktop\Lab3sem\Git\rep\actions-runner\.credentials_rsaparams
[2024-12-12 11:30:36Z INFO ActionsRunServer] EstablishVssConnection
[2024-12-12 11:30:36Z INFO ActionsRunServer] Establish connection with 100 seconds timeout.
[2024-12-12 11:30:36Z INFO GitHubActionsService] Starting operation Location.GetConnectionData
[2024-12-12 11:30:37Z INFO GitHubActionsService] Finished operation Location.GetConnectionData
[2024-12-12 11:30:37Z INFO RSAEncryptedFileKeyManager] Loading RSA key parameters from file C:\Users\pyata\Desktop\Lab3sem\Git\rep\actions-runner\.credentials_rsaparams
[2024-12-12 11:30:37Z INFO RSAEncryptedFileKeyManager] Loading RSA key parameters from file C:\Users\pyata\Desktop\Lab3sem\Git\rep\actions-runner\.credentials_rsaparams
[2024-12-12 11:30:38Z INFO GitHubActionsService] AAD Correlation ID for this token request: Unknown
[2024-12-12 11:30:38Z INFO JobDispatcher] Job request 9 for plan 74af8b02-e7ba-470d-9494-378337aa3259 job ca395085-040a-526b-2ce8-bdc85f692774 received.
[2024-12-12 11:30:38Z INFO JobDispatcher] Pull OrchestrationId 74af8b02-e7ba-470d-9494-378337aa3259.build.__default from JWT claims
[2024-12-12 11:30:38Z INFO MessageListener] Received job status event. JobState: Busy
[2024-12-12 11:30:38Z INFO MessageListener] _getMessagesTokenSource is already disposed.
[2024-12-12 11:30:38Z INFO Terminal] WRITE LINE: 2024-12-12 11:30:38Z: Running job: build
[2024-12-12 11:30:38Z INFO JobDispatcher] Start renew job request 9 for job ca395085-040a-526b-2ce8-bdc85f692774.
[2024-12-12 11:30:39Z INFO JobDispatcher] Successfully renew job request 9, job is valid till 12.12.2024 11:40:38
[2024-12-12 11:30:39Z INFO HostContext] Well known directory 'Bin': 'C:\Users\pyata\Desktop\Lab3sem\Git\rep\actions-runner\bin'
[2024-12-12 11:30:39Z INFO ProcessInvokerWrapper] Starting process:
[2024-12-12 11:30:39Z INFO ProcessInvokerWrapper]   File name: 'C:\Users\pyata\Desktop\Lab3sem\Git\rep\actions-runner\bin\Runner.Worker.exe'
[2024-12-12 11:30:39Z INFO ProcessInvokerWrapper]   Arguments: 'spawnclient 2216 2228'
[2024-12-12 11:30:39Z INFO ProcessInvokerWrapper]   Working directory: 'C:\Users\pyata\Desktop\Lab3sem\Git\rep\actions-runner\bin'
[2024-12-12 11:30:39Z INFO ProcessInvokerWrapper]   Require exit code zero: 'False'
[2024-12-12 11:30:39Z INFO ProcessInvokerWrapper]   Encoding web name:  ; code page: ''
[2024-12-12 11:30:39Z INFO ProcessInvokerWrapper]   Force kill process on cancellation: 'True'
[2024-12-12 11:30:39Z INFO ProcessInvokerWrapper]   Redirected STDIN: 'False'
[2024-12-12 11:30:39Z INFO ProcessInvokerWrapper]   Persist current code page: 'False'
[2024-12-12 11:30:39Z INFO ProcessInvokerWrapper]   Keep redirected STDIN open: 'False'
[2024-12-12 11:30:39Z INFO ProcessInvokerWrapper]   High priority process: 'True'
[2024-12-12 11:30:39Z INFO ProcessInvokerWrapper] Process started with process id 1072, waiting for process exit.
[2024-12-12 11:30:39Z INFO JobDispatcher] Send job request message to worker for job ca395085-040a-526b-2ce8-bdc85f692774.
[2024-12-12 11:30:39Z INFO ProcessChannel] Sending message of length 24380, with hash '8ec717bb9a9536583d2b171cb3ff310abbd4f06ac521c9ccd09e2d8cb67e565d'
[2024-12-12 11:30:40Z INFO JobNotification] Entering JobStarted Notification
[2024-12-12 11:30:40Z INFO JobNotification] Entering StartMonitor
[2024-12-12 11:31:07Z INFO ProcessInvokerWrapper] STDOUT/STDERR stream read finished.
[2024-12-12 11:31:07Z INFO ProcessInvokerWrapper] STDOUT/STDERR stream read finished.
[2024-12-12 11:31:07Z INFO ProcessInvokerWrapper] Finished process 1072 with exit code 102, and elapsed time 00:00:27.8457818.
[2024-12-12 11:31:07Z INFO JobDispatcher] Worker finished for job ca395085-040a-526b-2ce8-bdc85f692774. Code: 102
[2024-12-12 11:31:07Z INFO JobDispatcher] finish job request for job ca395085-040a-526b-2ce8-bdc85f692774 with result: Failed
[2024-12-12 11:31:07Z INFO Terminal] WRITE LINE: 2024-12-12 11:31:07Z: Job build completed with result: Failed
[2024-12-12 11:31:07Z INFO JobDispatcher] Stop renew job request for job ca395085-040a-526b-2ce8-bdc85f692774.
[2024-12-12 11:31:07Z INFO JobDispatcher] job renew has been cancelled, stop renew job request 9.
[2024-12-12 11:31:07Z INFO JobNotification] Entering JobCompleted Notification
[2024-12-12 11:31:07Z INFO JobNotification] Entering EndMonitor
[2024-12-12 11:31:07Z INFO MessageListener] Received job status event. JobState: Online
[2024-12-12 11:43:05Z INFO Terminal] WRITE LINE: Exiting...
[2024-12-12 11:43:05Z INFO ConfigurationStore] IsServiceConfigured()
[2024-12-12 11:43:05Z INFO ConfigurationStore] IsServiceConfigured: False
[2024-12-12 11:43:05Z INFO HostContext] Runner will be shutdown for UserCancelled
[2024-12-12 11:43:05Z WARN GitHubActionsService] GET request to https://broker.actions.githubusercontent.com/message?sessionId=e5f54527-00fe-48ea-82bf-a4bbf5e21be4&status=Online&runnerVersion=2.321.0&os=Windows&architecture=X64&disableUpdate=false has been cancelled.
[2024-12-12 11:43:05Z ERR  BrokerServer] Catch exception during request
[2024-12-12 11:43:05Z ERR  BrokerServer] System.Threading.Tasks.TaskCanceledException: The operation was canceled.
 ---> System.Threading.Tasks.TaskCanceledException: The operation was canceled.
 ---> System.IO.IOException: Unable to read data from the transport connection: Операция ввода/вывода была прервана из-за завершения потока команд или по запросу приложения..
 ---> System.Net.Sockets.SocketException (995): Операция ввода/вывода была прервана из-за завершения потока команд или по запросу приложения.
   --- End of inner exception stack trace ---
   at System.Net.Sockets.Socket.AwaitableSocketAsyncEventArgs.ThrowException(SocketError error, CancellationToken cancellationToken)
   at System.Net.Sockets.Socket.AwaitableSocketAsyncEventArgs.System.Threading.Tasks.Sources.IValueTaskSource<System.Int32>.GetResult(Int16 token)
   at System.Net.Security.SslStream.EnsureFullTlsFrameAsync[TIOAdapter](CancellationToken cancellationToken, Int32 estimatedSize)
   at System.Runtime.CompilerServices.PoolingAsyncValueTaskMethodBuilder`1.StateMachineBox`1.System.Threading.Tasks.Sources.IValueTaskSource<TResult>.GetResult(Int16 token)
   at System.Net.Security.SslStream.ReadAsyncInternal[TIOAdapter](Memory`1 buffer, CancellationToken cancellationToken)
   at System.Runtime.CompilerServices.PoolingAsyncValueTaskMethodBuilder`1.StateMachineBox`1.System.Threading.Tasks.Sources.IValueTaskSource<TResult>.GetResult(Int16 token)
   at System.Net.Http.HttpConnection.SendAsync(HttpRequestMessage request, Boolean async, CancellationToken cancellationToken)
   --- End of inner exception stack trace ---
   at System.Net.Http.HttpConnection.SendAsync(HttpRequestMessage request, Boolean async, CancellationToken cancellationToken)
   at System.Net.Http.AuthenticationHelper.SendWithNtAuthAsync(HttpRequestMessage request, Uri authUri, Boolean async, ICredentials credentials, Boolean isProxyAuth, HttpConnection connection, HttpConnectionPool connectionPool, CancellationToken cancellationToken)
   at System.Net.Http.HttpConnectionPool.SendWithVersionDetectionAndRetryAsync(HttpRequestMessage request, Boolean async, Boolean doRequestAuth, CancellationToken cancellationToken)
   at System.Net.Http.AuthenticationHelper.SendWithAuthAsync(HttpRequestMessage request, Uri authUri, Boolean async, ICredentials credentials, Boolean preAuthenticate, Boolean isProxyAuth, Boolean doRequestAuth, HttpConnectionPool pool, CancellationToken cancellationToken)
   at System.Net.Http.RedirectHandler.SendAsync(HttpRequestMessage request, Boolean async, CancellationToken cancellationToken)
   at GitHub.Services.Common.RawHttpMessageHandler.SendAsync(HttpRequestMessage request, CancellationToken cancellationToken)
   at GitHub.Services.Common.VssHttpRetryMessageHandler.SendAsync(HttpRequestMessage request, CancellationToken cancellationToken)
   at System.Net.Http.HttpClient.<SendAsync>g__Core|83_0(HttpRequestMessage request, HttpCompletionOption completionOption, CancellationTokenSource cts, Boolean disposeCts, CancellationTokenSource pendingRequestsCts, CancellationToken originalCancellationToken)
   --- End of inner exception stack trace ---
   at System.Net.Http.HttpClient.HandleFailure(Exception e, Boolean telemetryStarted, HttpResponseMessage response, CancellationTokenSource cts, CancellationToken cancellationToken, CancellationTokenSource pendingRequestsCts)
   at System.Net.Http.HttpClient.<SendAsync>g__Core|83_0(HttpRequestMessage request, HttpCompletionOption completionOption, CancellationTokenSource cts, Boolean disposeCts, CancellationTokenSource pendingRequestsCts, CancellationToken originalCancellationToken)
   at Sdk.WebApi.WebApi.RawHttpClientBase.SendAsync(HttpRequestMessage message, HttpCompletionOption completionOption, Object userState, CancellationToken cancellationToken)
   at Sdk.WebApi.WebApi.RawHttpClientBase.SendAsync[T](HttpRequestMessage message, Boolean readErrorBody, Object userState, CancellationToken cancellationToken)
   at Sdk.WebApi.WebApi.RawHttpClientBase.SendAsync[T](HttpMethod method, IEnumerable`1 additionalHeaders, Uri requestUri, HttpContent content, IEnumerable`1 queryParameters, Boolean readErrorBody, Object userState, CancellationToken cancellationToken)
   at GitHub.Actions.RunService.WebApi.BrokerHttpClient.GetRunnerMessageAsync(Nullable`1 sessionId, String runnerVersion, Nullable`1 status, String os, String architecture, Nullable`1 disableUpdate, CancellationToken cancellationToken)
   at GitHub.Runner.Common.BrokerServer.<>c__DisplayClass7_0.<<GetRunnerMessageAsync>b__0>d.MoveNext()
--- End of stack trace from previous location ---
   at GitHub.Runner.Common.RunnerService.RetryRequest[T](Func`1 func, CancellationToken cancellationToken, Int32 maxRetryAttemptsCount, Func`2 shouldRetry)
[2024-12-12 11:43:05Z ERR  BrokerServer] #####################################################
[2024-12-12 11:43:05Z ERR  BrokerServer] System.Threading.Tasks.TaskCanceledException: The operation was canceled.
 ---> System.IO.IOException: Unable to read data from the transport connection: Операция ввода/вывода была прервана из-за завершения потока команд или по запросу приложения..
 ---> System.Net.Sockets.SocketException (995): Операция ввода/вывода была прервана из-за завершения потока команд или по запросу приложения.
   --- End of inner exception stack trace ---
   at System.Net.Sockets.Socket.AwaitableSocketAsyncEventArgs.ThrowException(SocketError error, CancellationToken cancellationToken)
   at System.Net.Sockets.Socket.AwaitableSocketAsyncEventArgs.System.Threading.Tasks.Sources.IValueTaskSource<System.Int32>.GetResult(Int16 token)
   at System.Net.Security.SslStream.EnsureFullTlsFrameAsync[TIOAdapter](CancellationToken cancellationToken, Int32 estimatedSize)
   at System.Runtime.CompilerServices.PoolingAsyncValueTaskMethodBuilder`1.StateMachineBox`1.System.Threading.Tasks.Sources.IValueTaskSource<TResult>.GetResult(Int16 token)
   at System.Net.Security.SslStream.ReadAsyncInternal[TIOAdapter](Memory`1 buffer, CancellationToken cancellationToken)
   at System.Runtime.CompilerServices.PoolingAsyncValueTaskMethodBuilder`1.StateMachineBox`1.System.Threading.Tasks.Sources.IValueTaskSource<TResult>.GetResult(Int16 token)
   at System.Net.Http.HttpConnection.SendAsync(HttpRequestMessage request, Boolean async, CancellationToken cancellationToken)
   --- End of inner exception stack trace ---
   at System.Net.Http.HttpConnection.SendAsync(HttpRequestMessage request, Boolean async, CancellationToken cancellationToken)
   at System.Net.Http.AuthenticationHelper.SendWithNtAuthAsync(HttpRequestMessage request, Uri authUri, Boolean async, ICredentials credentials, Boolean isProxyAuth, HttpConnection connection, HttpConnectionPool connectionPool, CancellationToken cancellationToken)
   at System.Net.Http.HttpConnectionPool.SendWithVersionDetectionAndRetryAsync(HttpRequestMessage request, Boolean async, Boolean doRequestAuth, CancellationToken cancellationToken)
   at System.Net.Http.AuthenticationHelper.SendWithAuthAsync(HttpRequestMessage request, Uri authUri, Boolean async, ICredentials credentials, Boolean preAuthenticate, Boolean isProxyAuth, Boolean doRequestAuth, HttpConnectionPool pool, CancellationToken cancellationToken)
   at System.Net.Http.RedirectHandler.SendAsync(HttpRequestMessage request, Boolean async, CancellationToken cancellationToken)
   at GitHub.Services.Common.RawHttpMessageHandler.SendAsync(HttpRequestMessage request, CancellationToken cancellationToken)
   at GitHub.Services.Common.VssHttpRetryMessageHandler.SendAsync(HttpRequestMessage request, CancellationToken cancellationToken)
   at System.Net.Http.HttpClient.<SendAsync>g__Core|83_0(HttpRequestMessage request, HttpCompletionOption completionOption, CancellationTokenSource cts, Boolean disposeCts, CancellationTokenSource pendingRequestsCts, CancellationToken originalCancellationToken)
[2024-12-12 11:43:05Z ERR  BrokerServer] #####################################################
[2024-12-12 11:43:05Z ERR  BrokerServer] System.IO.IOException: Unable to read data from the transport connection: Операция ввода/вывода была прервана из-за завершения потока команд или по запросу приложения..
 ---> System.Net.Sockets.SocketException (995): Операция ввода/вывода была прервана из-за завершения потока команд или по запросу приложения.
   --- End of inner exception stack trace ---
   at System.Net.Sockets.Socket.AwaitableSocketAsyncEventArgs.ThrowException(SocketError error, CancellationToken cancellationToken)
   at System.Net.Sockets.Socket.AwaitableSocketAsyncEventArgs.System.Threading.Tasks.Sources.IValueTaskSource<System.Int32>.GetResult(Int16 token)
   at System.Net.Security.SslStream.EnsureFullTlsFrameAsync[TIOAdapter](CancellationToken cancellationToken, Int32 estimatedSize)
   at System.Runtime.CompilerServices.PoolingAsyncValueTaskMethodBuilder`1.StateMachineBox`1.System.Threading.Tasks.Sources.IValueTaskSource<TResult>.GetResult(Int16 token)
   at System.Net.Security.SslStream.ReadAsyncInternal[TIOAdapter](Memory`1 buffer, CancellationToken cancellationToken)
   at System.Runtime.CompilerServices.PoolingAsyncValueTaskMethodBuilder`1.StateMachineBox`1.System.Threading.Tasks.Sources.IValueTaskSource<TResult>.GetResult(Int16 token)
   at System.Net.Http.HttpConnection.SendAsync(HttpRequestMessage request, Boolean async, CancellationToken cancellationToken)
[2024-12-12 11:43:05Z ERR  BrokerServer] #####################################################
[2024-12-12 11:43:05Z ERR  BrokerServer] System.Net.Sockets.SocketException (995): Операция ввода/вывода была прервана из-за завершения потока команд или по запросу приложения.
[2024-12-12 11:43:05Z WARN BrokerServer] Back off 6,472 seconds before next retry. 4 attempt left.
[2024-12-12 11:43:05Z INFO MessageListener] Get next message has been cancelled.
[2024-12-12 11:43:05Z INFO JobDispatcher] Shutting down JobDispatcher. Make sure all WorkerDispatcher has finished.
[2024-12-12 11:43:05Z INFO JobDispatcher] Ensure WorkerDispatcher for job ca395085-040a-526b-2ce8-bdc85f692774 run to finish, cancel any running job.
[2024-12-12 11:43:05Z INFO JobDispatcher] Job request ca395085-040a-526b-2ce8-bdc85f692774 processed succeed.
[2024-12-12 11:43:05Z INFO Runner] Deleting Runner Session...
[2024-12-12 11:43:05Z ERR  GitHubActionsService] DELETE request to https://pipelinesghubeus3.actions.githubusercontent.com/aU836Xnwm0m0IwgkgdsbcLzVgoC048BWw7qD818y5ZGZUEnlJB/_apis/distributedtask/pools/1/sessions/e5f54527-00fe-48ea-82bf-a4bbf5e21be4 failed. HTTP Status: Forbidden
[2024-12-12 11:43:05Z ERR  Terminal] WRITE ERROR: An error occurred: Access denied. System:ServiceIdentity;DDDDDDDD-DDDD-DDDD-DDDD-DDDDDDDDDDDD needs View permissions to perform the action.
[2024-12-12 11:43:05Z ERR  Listener] GitHub.DistributedTask.WebApi.AccessDeniedException: Access denied. System:ServiceIdentity;DDDDDDDD-DDDD-DDDD-DDDD-DDDDDDDDDDDD needs View permissions to perform the action.
   at GitHub.Services.WebApi.VssHttpClientBase.HandleResponseAsync(HttpResponseMessage response, CancellationToken cancellationToken)
   at GitHub.Services.WebApi.VssHttpClientBase.SendAsync(HttpRequestMessage message, HttpCompletionOption completionOption, Object userState, CancellationToken cancellationToken)
   at GitHub.Services.WebApi.VssHttpClientBase.SendAsync(HttpMethod method, Guid locationId, Object routeValues, ApiResourceVersion version, HttpContent content, IEnumerable`1 queryParameters, Object userState, CancellationToken cancellationToken)
   at GitHub.DistributedTask.WebApi.TaskAgentHttpClientBase.DeleteAgentSessionAsync(Int32 poolId, Guid sessionId, Object userState, CancellationToken cancellationToken)
   at GitHub.Runner.Listener.MessageListener.DeleteSessionAsync()
   at GitHub.Runner.Listener.Runner.RunAsync(RunnerSettings settings, Boolean runOnce)
   at GitHub.Runner.Listener.Runner.ExecuteCommand(CommandSettings command)
   at GitHub.Runner.Listener.Program.MainAsync(IHostContext context, String[] args)
